{"E:\\Hacktiv8\\Phase 3\\Final Project\\FP-Backend-Branch\\edufox-backend\\app.js": {"path":"E:\\Hacktiv8\\Phase 3\\Final Project\\FP-Backend-Branch\\edufox-backend\\app.js","statementMap":{"0":{"start":{"line":1,"column":0},"end":{"line":3,"column":1}},"1":{"start":{"line":2,"column":2},"end":{"line":2,"column":29}},"2":{"start":{"line":5,"column":13},"end":{"line":5,"column":28}},"3":{"start":{"line":6,"column":16},"end":{"line":6,"column":34}},"4":{"start":{"line":7,"column":12},"end":{"line":7,"column":21}},"5":{"start":{"line":9,"column":13},"end":{"line":9,"column":37}},"6":{"start":{"line":10,"column":15},"end":{"line":10,"column":40}},"7":{"start":{"line":11,"column":21},"end":{"line":11,"column":56}},"8":{"start":{"line":13,"column":0},"end":{"line":13,"column":16}},"9":{"start":{"line":14,"column":0},"end":{"line":14,"column":48}},"10":{"start":{"line":15,"column":0},"end":{"line":15,"column":24}},"11":{"start":{"line":17,"column":0},"end":{"line":17,"column":16}},"12":{"start":{"line":18,"column":0},"end":{"line":18,"column":22}},"13":{"start":{"line":24,"column":0},"end":{"line":24,"column":21}}},"fnMap":{},"branchMap":{"0":{"loc":{"start":{"line":1,"column":0},"end":{"line":3,"column":1}},"type":"if","locations":[{"start":{"line":1,"column":0},"end":{"line":3,"column":1}},{"start":{},"end":{}}],"line":1},"1":{"loc":{"start":{"line":9,"column":13},"end":{"line":9,"column":37}},"type":"binary-expr","locations":[{"start":{"line":9,"column":13},"end":{"line":9,"column":29}},{"start":{"line":9,"column":33},"end":{"line":9,"column":37}}],"line":9}},"s":{"0":8,"1":8,"2":8,"3":8,"4":8,"5":8,"6":8,"7":8,"8":8,"9":8,"10":8,"11":8,"12":8,"13":8},"f":{},"b":{"0":[8,0],"1":[8,8]},"_coverageSchema":"1a1c01bbd47fc00a2c39e90264f33305004495a9","hash":"bd537f0c4965ab4faeaaeb567f3f047bf6cfa09d"}
,"E:\\Hacktiv8\\Phase 3\\Final Project\\FP-Backend-Branch\\edufox-backend\\controllers\\categoryController.js": {"path":"E:\\Hacktiv8\\Phase 3\\Final Project\\FP-Backend-Branch\\edufox-backend\\controllers\\categoryController.js","statementMap":{"0":{"start":{"line":1,"column":29},"end":{"line":1,"column":55}},"1":{"start":{"line":5,"column":4},"end":{"line":14,"column":5}},"2":{"start":{"line":6,"column":21},"end":{"line":6,"column":45}},"3":{"start":{"line":8,"column":6},"end":{"line":11,"column":9}},"4":{"start":{"line":13,"column":6},"end":{"line":13,"column":16}},"5":{"start":{"line":36,"column":0},"end":{"line":36,"column":36}}},"fnMap":{"0":{"name":"(anonymous_0)","decl":{"start":{"line":4,"column":2},"end":{"line":4,"column":3}},"loc":{"start":{"line":4,"column":46},"end":{"line":15,"column":3}},"line":4}},"branchMap":{},"s":{"0":8,"1":1,"2":1,"3":1,"4":0,"5":8},"f":{"0":1},"b":{},"_coverageSchema":"1a1c01bbd47fc00a2c39e90264f33305004495a9","hash":"a8654874f12e05867f9a9502a8bd0648df0d9979"}
,"E:\\Hacktiv8\\Phase 3\\Final Project\\FP-Backend-Branch\\edufox-backend\\controllers\\chapterController.js": {"path":"E:\\Hacktiv8\\Phase 3\\Final Project\\FP-Backend-Branch\\edufox-backend\\controllers\\chapterController.js","statementMap":{"0":{"start":{"line":1,"column":28},"end":{"line":1,"column":54}},"1":{"start":{"line":5,"column":26},"end":{"line":5,"column":36}},"2":{"start":{"line":6,"column":4},"end":{"line":21,"column":5}},"3":{"start":{"line":7,"column":21},"end":{"line":9,"column":8}},"4":{"start":{"line":11,"column":6},"end":{"line":13,"column":7}},"5":{"start":{"line":12,"column":8},"end":{"line":12,"column":42}},"6":{"start":{"line":15,"column":6},"end":{"line":18,"column":9}},"7":{"start":{"line":20,"column":6},"end":{"line":20,"column":16}},"8":{"start":{"line":25,"column":0},"end":{"line":25,"column":35}}},"fnMap":{"0":{"name":"(anonymous_0)","decl":{"start":{"line":4,"column":2},"end":{"line":4,"column":3}},"loc":{"start":{"line":4,"column":46},"end":{"line":22,"column":3}},"line":4}},"branchMap":{"0":{"loc":{"start":{"line":11,"column":6},"end":{"line":13,"column":7}},"type":"if","locations":[{"start":{"line":11,"column":6},"end":{"line":13,"column":7}},{"start":{},"end":{}}],"line":11}},"s":{"0":8,"1":2,"2":2,"3":2,"4":2,"5":1,"6":1,"7":1,"8":8},"f":{"0":2},"b":{"0":[1,1]},"_coverageSchema":"1a1c01bbd47fc00a2c39e90264f33305004495a9","hash":"40c00b57a854de648144d9ab56915afdb3500b66"}
,"E:\\Hacktiv8\\Phase 3\\Final Project\\FP-Backend-Branch\\edufox-backend\\controllers\\courseController.js": {"path":"E:\\Hacktiv8\\Phase 3\\Final Project\\FP-Backend-Branch\\edufox-backend\\controllers\\courseController.js","statementMap":{"0":{"start":{"line":1,"column":15},"end":{"line":1,"column":35}},"1":{"start":{"line":2,"column":48},"end":{"line":2,"column":68}},"2":{"start":{"line":6,"column":39},"end":{"line":6,"column":48}},"3":{"start":{"line":7,"column":22},"end":{"line":7,"column":23}},"4":{"start":{"line":8,"column":21},"end":{"line":8,"column":37}},"5":{"start":{"line":9,"column":27},"end":{"line":9,"column":60}},"6":{"start":{"line":11,"column":26},"end":{"line":15,"column":5}},"7":{"start":{"line":17,"column":4},"end":{"line":19,"column":5}},"8":{"start":{"line":18,"column":6},"end":{"line":18,"column":55}},"9":{"start":{"line":21,"column":4},"end":{"line":39,"column":5}},"10":{"start":{"line":22,"column":21},"end":{"line":28,"column":8}},"11":{"start":{"line":30,"column":6},"end":{"line":36,"column":9}},"12":{"start":{"line":38,"column":6},"end":{"line":38,"column":16}},"13":{"start":{"line":43,"column":25},"end":{"line":43,"column":35}},"14":{"start":{"line":44,"column":4},"end":{"line":66,"column":5}},"15":{"start":{"line":45,"column":21},"end":{"line":55,"column":8}},"16":{"start":{"line":56,"column":6},"end":{"line":58,"column":7}},"17":{"start":{"line":57,"column":8},"end":{"line":57,"column":42}},"18":{"start":{"line":60,"column":6},"end":{"line":63,"column":9}},"19":{"start":{"line":65,"column":6},"end":{"line":65,"column":16}},"20":{"start":{"line":70,"column":0},"end":{"line":70,"column":34}}},"fnMap":{"0":{"name":"(anonymous_0)","decl":{"start":{"line":5,"column":2},"end":{"line":5,"column":3}},"loc":{"start":{"line":5,"column":44},"end":{"line":40,"column":3}},"line":5},"1":{"name":"(anonymous_1)","decl":{"start":{"line":42,"column":2},"end":{"line":42,"column":3}},"loc":{"start":{"line":42,"column":48},"end":{"line":67,"column":3}},"line":42}},"branchMap":{"0":{"loc":{"start":{"line":8,"column":21},"end":{"line":8,"column":37}},"type":"cond-expr","locations":[{"start":{"line":8,"column":28},"end":{"line":8,"column":32}},{"start":{"line":8,"column":35},"end":{"line":8,"column":37}}],"line":8},"1":{"loc":{"start":{"line":9,"column":27},"end":{"line":9,"column":60}},"type":"cond-expr","locations":[{"start":{"line":9,"column":34},"end":{"line":9,"column":56}},{"start":{"line":9,"column":59},"end":{"line":9,"column":60}}],"line":9},"2":{"loc":{"start":{"line":17,"column":4},"end":{"line":19,"column":5}},"type":"if","locations":[{"start":{"line":17,"column":4},"end":{"line":19,"column":5}},{"start":{},"end":{}}],"line":17},"3":{"loc":{"start":{"line":32,"column":21},"end":{"line":32,"column":30}},"type":"binary-expr","locations":[{"start":{"line":32,"column":21},"end":{"line":32,"column":25}},{"start":{"line":32,"column":29},"end":{"line":32,"column":30}}],"line":32},"4":{"loc":{"start":{"line":56,"column":6},"end":{"line":58,"column":7}},"type":"if","locations":[{"start":{"line":56,"column":6},"end":{"line":58,"column":7}},{"start":{},"end":{}}],"line":56}},"s":{"0":8,"1":8,"2":1,"3":1,"4":1,"5":1,"6":1,"7":1,"8":0,"9":1,"10":1,"11":1,"12":0,"13":2,"14":2,"15":2,"16":2,"17":1,"18":1,"19":1,"20":8},"f":{"0":1,"1":2},"b":{"0":[0,1],"1":[0,1],"2":[0,1],"3":[1,1],"4":[1,1]},"_coverageSchema":"1a1c01bbd47fc00a2c39e90264f33305004495a9","hash":"322c3c44a822fa2635ba78f4a7e5c92e8974b002"}
,"E:\\Hacktiv8\\Phase 3\\Final Project\\FP-Backend-Branch\\edufox-backend\\controllers\\enrollmentController.js": {"path":"E:\\Hacktiv8\\Phase 3\\Final Project\\FP-Backend-Branch\\edufox-backend\\controllers\\enrollmentController.js","statementMap":{"0":{"start":{"line":1,"column":15},"end":{"line":1,"column":35}},"1":{"start":{"line":2,"column":46},"end":{"line":2,"column":72}},"2":{"start":{"line":3,"column":19},"end":{"line":3,"column":50}},"3":{"start":{"line":7,"column":23},"end":{"line":7,"column":31}},"4":{"start":{"line":8,"column":27},"end":{"line":8,"column":36}},"5":{"start":{"line":11,"column":22},"end":{"line":11,"column":23}},"6":{"start":{"line":12,"column":27},"end":{"line":12,"column":60}},"7":{"start":{"line":21,"column":4},"end":{"line":47,"column":5}},"8":{"start":{"line":22,"column":21},"end":{"line":34,"column":8}},"9":{"start":{"line":37,"column":6},"end":{"line":43,"column":9}},"10":{"start":{"line":46,"column":6},"end":{"line":46,"column":16}},"11":{"start":{"line":51,"column":25},"end":{"line":51,"column":35}},"12":{"start":{"line":52,"column":23},"end":{"line":52,"column":31}},"13":{"start":{"line":53,"column":4},"end":{"line":89,"column":5}},"14":{"start":{"line":62,"column":21},"end":{"line":75,"column":8}},"15":{"start":{"line":77,"column":6},"end":{"line":79,"column":7}},"16":{"start":{"line":78,"column":8},"end":{"line":78,"column":42}},"17":{"start":{"line":83,"column":6},"end":{"line":86,"column":9}},"18":{"start":{"line":88,"column":6},"end":{"line":88,"column":16}},"19":{"start":{"line":93,"column":25},"end":{"line":93,"column":35}},"20":{"start":{"line":94,"column":36},"end":{"line":94,"column":44}},"21":{"start":{"line":95,"column":4},"end":{"line":140,"column":5}},"22":{"start":{"line":97,"column":26},"end":{"line":97,"column":57}},"23":{"start":{"line":102,"column":6},"end":{"line":104,"column":7}},"24":{"start":{"line":103,"column":8},"end":{"line":103,"column":43}},"25":{"start":{"line":105,"column":25},"end":{"line":110,"column":8}},"26":{"start":{"line":114,"column":6},"end":{"line":116,"column":7}},"27":{"start":{"line":115,"column":8},"end":{"line":115,"column":43}},"28":{"start":{"line":118,"column":26},"end":{"line":123,"column":8}},"29":{"start":{"line":127,"column":21},"end":{"line":131,"column":8}},"30":{"start":{"line":133,"column":6},"end":{"line":136,"column":9}},"31":{"start":{"line":139,"column":6},"end":{"line":139,"column":16}},"32":{"start":{"line":144,"column":25},"end":{"line":144,"column":35}},"33":{"start":{"line":145,"column":37},"end":{"line":145,"column":45}},"34":{"start":{"line":146,"column":23},"end":{"line":146,"column":31}},"35":{"start":{"line":147,"column":4},"end":{"line":178,"column":5}},"36":{"start":{"line":148,"column":26},"end":{"line":153,"column":8}},"37":{"start":{"line":155,"column":6},"end":{"line":157,"column":7}},"38":{"start":{"line":156,"column":8},"end":{"line":156,"column":42}},"39":{"start":{"line":159,"column":21},"end":{"line":169,"column":7}},"40":{"start":{"line":171,"column":6},"end":{"line":174,"column":9}},"41":{"start":{"line":177,"column":6},"end":{"line":177,"column":16}},"42":{"start":{"line":182,"column":0},"end":{"line":182,"column":38}}},"fnMap":{"0":{"name":"(anonymous_0)","decl":{"start":{"line":6,"column":2},"end":{"line":6,"column":3}},"loc":{"start":{"line":6,"column":48},"end":{"line":48,"column":3}},"line":6},"1":{"name":"(anonymous_1)","decl":{"start":{"line":50,"column":2},"end":{"line":50,"column":3}},"loc":{"start":{"line":50,"column":51},"end":{"line":90,"column":3}},"line":50},"2":{"name":"(anonymous_2)","decl":{"start":{"line":92,"column":2},"end":{"line":92,"column":3}},"loc":{"start":{"line":92,"column":45},"end":{"line":141,"column":3}},"line":92},"3":{"name":"(anonymous_3)","decl":{"start":{"line":143,"column":2},"end":{"line":143,"column":3}},"loc":{"start":{"line":143,"column":48},"end":{"line":179,"column":3}},"line":143}},"branchMap":{"0":{"loc":{"start":{"line":12,"column":27},"end":{"line":12,"column":60}},"type":"cond-expr","locations":[{"start":{"line":12,"column":34},"end":{"line":12,"column":56}},{"start":{"line":12,"column":59},"end":{"line":12,"column":60}}],"line":12},"1":{"loc":{"start":{"line":26,"column":28},"end":{"line":26,"column":44}},"type":"cond-expr","locations":[{"start":{"line":26,"column":35},"end":{"line":26,"column":39}},{"start":{"line":26,"column":42},"end":{"line":26,"column":44}}],"line":26},"2":{"loc":{"start":{"line":39,"column":21},"end":{"line":39,"column":30}},"type":"binary-expr","locations":[{"start":{"line":39,"column":21},"end":{"line":39,"column":25}},{"start":{"line":39,"column":29},"end":{"line":39,"column":30}}],"line":39},"3":{"loc":{"start":{"line":77,"column":6},"end":{"line":79,"column":7}},"type":"if","locations":[{"start":{"line":77,"column":6},"end":{"line":79,"column":7}},{"start":{},"end":{}}],"line":77},"4":{"loc":{"start":{"line":102,"column":6},"end":{"line":104,"column":7}},"type":"if","locations":[{"start":{"line":102,"column":6},"end":{"line":104,"column":7}},{"start":{},"end":{}}],"line":102},"5":{"loc":{"start":{"line":102,"column":10},"end":{"line":102,"column":65}},"type":"binary-expr","locations":[{"start":{"line":102,"column":10},"end":{"line":102,"column":40}},{"start":{"line":102,"column":44},"end":{"line":102,"column":65}}],"line":102},"6":{"loc":{"start":{"line":114,"column":6},"end":{"line":116,"column":7}},"type":"if","locations":[{"start":{"line":114,"column":6},"end":{"line":116,"column":7}},{"start":{},"end":{}}],"line":114},"7":{"loc":{"start":{"line":155,"column":6},"end":{"line":157,"column":7}},"type":"if","locations":[{"start":{"line":155,"column":6},"end":{"line":157,"column":7}},{"start":{},"end":{}}],"line":155}},"s":{"0":8,"1":8,"2":8,"3":1,"4":1,"5":1,"6":1,"7":1,"8":1,"9":0,"10":1,"11":2,"12":2,"13":2,"14":2,"15":2,"16":1,"17":1,"18":1,"19":3,"20":3,"21":3,"22":3,"23":3,"24":1,"25":2,"26":2,"27":1,"28":1,"29":1,"30":1,"31":2,"32":2,"33":2,"34":2,"35":2,"36":2,"37":2,"38":1,"39":1,"40":1,"41":1,"42":8},"f":{"0":1,"1":2,"2":3,"3":2},"b":{"0":[0,1],"1":[0,1],"2":[0,0],"3":[1,1],"4":[1,2],"5":[3,3],"6":[1,1],"7":[1,1]},"_coverageSchema":"1a1c01bbd47fc00a2c39e90264f33305004495a9","hash":"a5fe097014386bcf47c3cb0d4b11b51774384f86"}
,"E:\\Hacktiv8\\Phase 3\\Final Project\\FP-Backend-Branch\\edufox-backend\\controllers\\feedbackController.js": {"path":"E:\\Hacktiv8\\Phase 3\\Final Project\\FP-Backend-Branch\\edufox-backend\\controllers\\feedbackController.js","statementMap":{"0":{"start":{"line":1,"column":35},"end":{"line":1,"column":61}},"1":{"start":{"line":5,"column":23},"end":{"line":5,"column":31}},"2":{"start":{"line":6,"column":25},"end":{"line":6,"column":35}},"3":{"start":{"line":7,"column":32},"end":{"line":7,"column":40}},"4":{"start":{"line":8,"column":4},"end":{"line":139,"column":5}},"5":{"start":{"line":9,"column":28},"end":{"line":14,"column":8}},"6":{"start":{"line":16,"column":23},"end":{"line":20,"column":8}},"7":{"start":{"line":22,"column":19},"end":{"line":22,"column":46}},"8":{"start":{"line":24,"column":24},"end":{"line":24,"column":34}},"9":{"start":{"line":30,"column":24},"end":{"line":30,"column":25}},"10":{"start":{"line":31,"column":23},"end":{"line":31,"column":24}},"11":{"start":{"line":33,"column":6},"end":{"line":35,"column":7}},"12":{"start":{"line":33,"column":19},"end":{"line":33,"column":20}},"13":{"start":{"line":34,"column":8},"end":{"line":34,"column":47}},"14":{"start":{"line":54,"column":6},"end":{"line":135,"column":7}},"15":{"start":{"line":57,"column":8},"end":{"line":57,"column":57}},"16":{"start":{"line":59,"column":8},"end":{"line":59,"column":44}},"17":{"start":{"line":61,"column":8},"end":{"line":61,"column":50}},"18":{"start":{"line":65,"column":29},"end":{"line":74,"column":9}},"19":{"start":{"line":78,"column":31},"end":{"line":89,"column":9}},"20":{"start":{"line":91,"column":8},"end":{"line":94,"column":11}},"21":{"start":{"line":97,"column":8},"end":{"line":97,"column":44}},"22":{"start":{"line":99,"column":8},"end":{"line":99,"column":56}},"23":{"start":{"line":102,"column":29},"end":{"line":111,"column":9}},"24":{"start":{"line":113,"column":27},"end":{"line":122,"column":9}},"25":{"start":{"line":124,"column":31},"end":{"line":129,"column":10}},"26":{"start":{"line":131,"column":8},"end":{"line":134,"column":11}},"27":{"start":{"line":137,"column":6},"end":{"line":137,"column":23}},"28":{"start":{"line":138,"column":6},"end":{"line":138,"column":16}},"29":{"start":{"line":143,"column":0},"end":{"line":143,"column":36}}},"fnMap":{"0":{"name":"(anonymous_0)","decl":{"start":{"line":4,"column":2},"end":{"line":4,"column":3}},"loc":{"start":{"line":4,"column":43},"end":{"line":140,"column":3}},"line":4}},"branchMap":{"0":{"loc":{"start":{"line":54,"column":6},"end":{"line":135,"column":7}},"type":"if","locations":[{"start":{"line":54,"column":6},"end":{"line":135,"column":7}},{"start":{"line":95,"column":13},"end":{"line":135,"column":7}}],"line":54}},"s":{"0":8,"1":1,"2":1,"3":1,"4":1,"5":1,"6":1,"7":1,"8":1,"9":1,"10":1,"11":1,"12":1,"13":0,"14":1,"15":0,"16":0,"17":0,"18":0,"19":0,"20":0,"21":1,"22":1,"23":1,"24":1,"25":1,"26":1,"27":0,"28":0,"29":8},"f":{"0":1},"b":{"0":[0,1]},"_coverageSchema":"1a1c01bbd47fc00a2c39e90264f33305004495a9","hash":"2651a1a5505e5cbf2c39275ade456c29caa76b5e"}
,"E:\\Hacktiv8\\Phase 3\\Final Project\\FP-Backend-Branch\\edufox-backend\\controllers\\loginController.js": {"path":"E:\\Hacktiv8\\Phase 3\\Final Project\\FP-Backend-Branch\\edufox-backend\\controllers\\loginController.js","statementMap":{"0":{"start":{"line":1,"column":40},"end":{"line":1,"column":68}},"1":{"start":{"line":2,"column":24},"end":{"line":2,"column":49}},"2":{"start":{"line":3,"column":17},"end":{"line":3,"column":43}},"3":{"start":{"line":7,"column":42},"end":{"line":7,"column":50}},"4":{"start":{"line":9,"column":26},"end":{"line":9,"column":58}},"5":{"start":{"line":11,"column":4},"end":{"line":50,"column":5}},"6":{"start":{"line":12,"column":24},"end":{"line":14,"column":8}},"7":{"start":{"line":16,"column":6},"end":{"line":18,"column":7}},"8":{"start":{"line":17,"column":8},"end":{"line":17,"column":42}},"9":{"start":{"line":20,"column":6},"end":{"line":22,"column":7}},"10":{"start":{"line":21,"column":8},"end":{"line":21,"column":44}},"11":{"start":{"line":24,"column":31},"end":{"line":31,"column":7}},"12":{"start":{"line":33,"column":20},"end":{"line":33,"column":49}},"13":{"start":{"line":35,"column":6},"end":{"line":46,"column":9}},"14":{"start":{"line":48,"column":6},"end":{"line":48,"column":27}},"15":{"start":{"line":49,"column":6},"end":{"line":49,"column":16}},"16":{"start":{"line":54,"column":0},"end":{"line":54,"column":33}}},"fnMap":{"0":{"name":"(anonymous_0)","decl":{"start":{"line":6,"column":2},"end":{"line":6,"column":3}},"loc":{"start":{"line":6,"column":41},"end":{"line":51,"column":3}},"line":6}},"branchMap":{"0":{"loc":{"start":{"line":9,"column":26},"end":{"line":9,"column":58}},"type":"cond-expr","locations":[{"start":{"line":9,"column":34},"end":{"line":9,"column":43}},{"start":{"line":9,"column":46},"end":{"line":9,"column":58}}],"line":9},"1":{"loc":{"start":{"line":16,"column":6},"end":{"line":18,"column":7}},"type":"if","locations":[{"start":{"line":16,"column":6},"end":{"line":18,"column":7}},{"start":{},"end":{}}],"line":16},"2":{"loc":{"start":{"line":20,"column":6},"end":{"line":22,"column":7}},"type":"if","locations":[{"start":{"line":20,"column":6},"end":{"line":22,"column":7}},{"start":{},"end":{}}],"line":20}},"s":{"0":8,"1":8,"2":8,"3":16,"4":16,"5":16,"6":16,"7":16,"8":1,"9":15,"10":1,"11":14,"12":14,"13":14,"14":2,"15":2,"16":8},"f":{"0":16},"b":{"0":[16,0],"1":[1,15],"2":[1,14]},"_coverageSchema":"1a1c01bbd47fc00a2c39e90264f33305004495a9","hash":"bc2884a17cffcf9610460d3163bb12898ca3c6ae"}
,"E:\\Hacktiv8\\Phase 3\\Final Project\\FP-Backend-Branch\\edufox-backend\\controllers\\registerController.js": {"path":"E:\\Hacktiv8\\Phase 3\\Final Project\\FP-Backend-Branch\\edufox-backend\\controllers\\registerController.js","statementMap":{"0":{"start":{"line":1,"column":17},"end":{"line":1,"column":43}},"1":{"start":{"line":5,"column":42},"end":{"line":5,"column":50}},"2":{"start":{"line":6,"column":4},"end":{"line":25,"column":5}},"3":{"start":{"line":7,"column":21},"end":{"line":11,"column":8}},"4":{"start":{"line":13,"column":23},"end":{"line":16,"column":7}},"5":{"start":{"line":18,"column":6},"end":{"line":21,"column":9}},"6":{"start":{"line":23,"column":6},"end":{"line":23,"column":23}},"7":{"start":{"line":24,"column":6},"end":{"line":24,"column":16}},"8":{"start":{"line":29,"column":0},"end":{"line":29,"column":36}}},"fnMap":{"0":{"name":"(anonymous_0)","decl":{"start":{"line":4,"column":2},"end":{"line":4,"column":3}},"loc":{"start":{"line":4,"column":44},"end":{"line":26,"column":3}},"line":4}},"branchMap":{},"s":{"0":8,"1":6,"2":6,"3":6,"4":1,"5":1,"6":5,"7":5,"8":8},"f":{"0":6},"b":{},"_coverageSchema":"1a1c01bbd47fc00a2c39e90264f33305004495a9","hash":"3e132b0de6045f0d9166d741c93e08545b805e89"}
,"E:\\Hacktiv8\\Phase 3\\Final Project\\FP-Backend-Branch\\edufox-backend\\controllers\\transactionController.js": {"path":"E:\\Hacktiv8\\Phase 3\\Final Project\\FP-Backend-Branch\\edufox-backend\\controllers\\transactionController.js","statementMap":{"0":{"start":{"line":1,"column":24},"end":{"line":1,"column":49}},"1":{"start":{"line":2,"column":17},"end":{"line":2,"column":43}},"2":{"start":{"line":3,"column":23},"end":{"line":3,"column":49}},"3":{"start":{"line":8,"column":6},"end":{"line":8,"column":14}},"4":{"start":{"line":9,"column":4},"end":{"line":43,"column":5}},"5":{"start":{"line":10,"column":19},"end":{"line":10,"column":46}},"6":{"start":{"line":14,"column":21},"end":{"line":23,"column":7}},"7":{"start":{"line":25,"column":31},"end":{"line":32,"column":7}},"8":{"start":{"line":34,"column":20},"end":{"line":34,"column":49}},"9":{"start":{"line":36,"column":6},"end":{"line":40,"column":9}},"10":{"start":{"line":42,"column":6},"end":{"line":42,"column":16}},"11":{"start":{"line":47,"column":34},"end":{"line":47,"column":42}},"12":{"start":{"line":48,"column":4},"end":{"line":79,"column":5}},"13":{"start":{"line":49,"column":19},"end":{"line":49,"column":46}},"14":{"start":{"line":53,"column":17},"end":{"line":56,"column":8}},"15":{"start":{"line":58,"column":22},"end":{"line":70,"column":7}},"16":{"start":{"line":71,"column":28},"end":{"line":71,"column":67}},"17":{"start":{"line":73,"column":6},"end":{"line":76,"column":9}},"18":{"start":{"line":78,"column":6},"end":{"line":78,"column":16}},"19":{"start":{"line":83,"column":0},"end":{"line":83,"column":39}}},"fnMap":{"0":{"name":"(anonymous_0)","decl":{"start":{"line":6,"column":2},"end":{"line":6,"column":3}},"loc":{"start":{"line":6,"column":47},"end":{"line":44,"column":3}},"line":6},"1":{"name":"(anonymous_1)","decl":{"start":{"line":46,"column":2},"end":{"line":46,"column":3}},"loc":{"start":{"line":46,"column":54},"end":{"line":80,"column":3}},"line":46}},"branchMap":{},"s":{"0":8,"1":8,"2":8,"3":1,"4":1,"5":1,"6":1,"7":1,"8":1,"9":1,"10":0,"11":1,"12":1,"13":1,"14":1,"15":1,"16":1,"17":1,"18":0,"19":8},"f":{"0":1,"1":1},"b":{},"_coverageSchema":"1a1c01bbd47fc00a2c39e90264f33305004495a9","hash":"39fd9912633f90b1bdf4c98034043b2eb97e9555"}
,"E:\\Hacktiv8\\Phase 3\\Final Project\\FP-Backend-Branch\\edufox-backend\\controllers\\userController.js": {"path":"E:\\Hacktiv8\\Phase 3\\Final Project\\FP-Backend-Branch\\edufox-backend\\controllers\\userController.js","statementMap":{"0":{"start":{"line":1,"column":19},"end":{"line":1,"column":51}},"1":{"start":{"line":2,"column":24},"end":{"line":2,"column":49}},"2":{"start":{"line":3,"column":17},"end":{"line":3,"column":43}},"3":{"start":{"line":7,"column":23},"end":{"line":7,"column":31}},"4":{"start":{"line":8,"column":4},"end":{"line":51,"column":5}},"5":{"start":{"line":10,"column":6},"end":{"line":10,"column":46}},"6":{"start":{"line":11,"column":6},"end":{"line":47,"column":9}},"7":{"start":{"line":12,"column":8},"end":{"line":17,"column":9}},"8":{"start":{"line":13,"column":10},"end":{"line":13,"column":27}},"9":{"start":{"line":14,"column":10},"end":{"line":16,"column":13}},"10":{"start":{"line":19,"column":26},"end":{"line":19,"column":53}},"11":{"start":{"line":20,"column":8},"end":{"line":20,"column":35}},"12":{"start":{"line":22,"column":33},"end":{"line":29,"column":9}},"13":{"start":{"line":30,"column":8},"end":{"line":30,"column":42}},"14":{"start":{"line":32,"column":22},"end":{"line":32,"column":51}},"15":{"start":{"line":33,"column":8},"end":{"line":33,"column":31}},"16":{"start":{"line":35,"column":21},"end":{"line":40,"column":9}},"17":{"start":{"line":43,"column":8},"end":{"line":46,"column":11}},"18":{"start":{"line":49,"column":6},"end":{"line":49,"column":25}},"19":{"start":{"line":50,"column":6},"end":{"line":50,"column":18}},"20":{"start":{"line":55,"column":0},"end":{"line":55,"column":32}}},"fnMap":{"0":{"name":"(anonymous_0)","decl":{"start":{"line":6,"column":2},"end":{"line":6,"column":3}},"loc":{"start":{"line":6,"column":49},"end":{"line":52,"column":3}},"line":6},"1":{"name":"(anonymous_1)","decl":{"start":{"line":11,"column":48},"end":{"line":11,"column":49}},"loc":{"start":{"line":11,"column":71},"end":{"line":47,"column":7}},"line":11}},"branchMap":{"0":{"loc":{"start":{"line":12,"column":8},"end":{"line":17,"column":9}},"type":"if","locations":[{"start":{"line":12,"column":8},"end":{"line":17,"column":9}},{"start":{},"end":{}}],"line":12}},"s":{"0":8,"1":8,"2":8,"3":0,"4":0,"5":0,"6":0,"7":0,"8":0,"9":0,"10":0,"11":0,"12":0,"13":0,"14":0,"15":0,"16":0,"17":0,"18":0,"19":0,"20":8},"f":{"0":0,"1":0},"b":{"0":[0,0]},"_coverageSchema":"1a1c01bbd47fc00a2c39e90264f33305004495a9","hash":"7b0f6e5f9a39afea257a98341adb50276d123a60"}
,"E:\\Hacktiv8\\Phase 3\\Final Project\\FP-Backend-Branch\\edufox-backend\\helpers\\bcrypt.js": {"path":"E:\\Hacktiv8\\Phase 3\\Final Project\\FP-Backend-Branch\\edufox-backend\\helpers\\bcrypt.js","statementMap":{"0":{"start":{"line":1,"column":15},"end":{"line":1,"column":34}},"1":{"start":{"line":3,"column":21},"end":{"line":3,"column":62}},"2":{"start":{"line":3,"column":36},"end":{"line":3,"column":62}},"3":{"start":{"line":5,"column":36},"end":{"line":6,"column":37}},"4":{"start":{"line":6,"column":2},"end":{"line":6,"column":37}},"5":{"start":{"line":8,"column":0},"end":{"line":8,"column":63}}},"fnMap":{"0":{"name":"(anonymous_0)","decl":{"start":{"line":3,"column":21},"end":{"line":3,"column":22}},"loc":{"start":{"line":3,"column":36},"end":{"line":3,"column":62}},"line":3},"1":{"name":"(anonymous_1)","decl":{"start":{"line":5,"column":36},"end":{"line":5,"column":37}},"loc":{"start":{"line":6,"column":2},"end":{"line":6,"column":37}},"line":6}},"branchMap":{},"s":{"0":8,"1":8,"2":12,"3":8,"4":15,"5":8},"f":{"0":12,"1":15},"b":{},"_coverageSchema":"1a1c01bbd47fc00a2c39e90264f33305004495a9","hash":"44884323aaea4685c87f5de4e1dfdc350a6ef302"}
,"E:\\Hacktiv8\\Phase 3\\Final Project\\FP-Backend-Branch\\edufox-backend\\helpers\\cloudinary.js": {"path":"E:\\Hacktiv8\\Phase 3\\Final Project\\FP-Backend-Branch\\edufox-backend\\helpers\\cloudinary.js","statementMap":{"0":{"start":{"line":1,"column":19},"end":{"line":1,"column":43}},"1":{"start":{"line":3,"column":0},"end":{"line":7,"column":3}},"2":{"start":{"line":9,"column":0},"end":{"line":9,"column":28}}},"fnMap":{},"branchMap":{},"s":{"0":8,"1":8,"2":8},"f":{},"b":{},"_coverageSchema":"1a1c01bbd47fc00a2c39e90264f33305004495a9","hash":"0ea7c530713d9bca35526cb4eeea23878f8393ec"}
,"E:\\Hacktiv8\\Phase 3\\Final Project\\FP-Backend-Branch\\edufox-backend\\helpers\\jwt.js": {"path":"E:\\Hacktiv8\\Phase 3\\Final Project\\FP-Backend-Branch\\edufox-backend\\helpers\\jwt.js","statementMap":{"0":{"start":{"line":1,"column":12},"end":{"line":1,"column":35}},"1":{"start":{"line":3,"column":19},"end":{"line":3,"column":41}},"2":{"start":{"line":5,"column":20},"end":{"line":7,"column":1}},"3":{"start":{"line":6,"column":2},"end":{"line":6,"column":39}},"4":{"start":{"line":9,"column":26},"end":{"line":11,"column":1}},"5":{"start":{"line":10,"column":2},"end":{"line":10,"column":39}},"6":{"start":{"line":13,"column":0},"end":{"line":13,"column":52}}},"fnMap":{"0":{"name":"(anonymous_0)","decl":{"start":{"line":5,"column":20},"end":{"line":5,"column":21}},"loc":{"start":{"line":5,"column":33},"end":{"line":7,"column":1}},"line":5},"1":{"name":"(anonymous_1)","decl":{"start":{"line":9,"column":26},"end":{"line":9,"column":27}},"loc":{"start":{"line":9,"column":37},"end":{"line":11,"column":1}},"line":9}},"branchMap":{},"s":{"0":8,"1":8,"2":8,"3":15,"4":8,"5":15,"6":8},"f":{"0":15,"1":15},"b":{},"_coverageSchema":"1a1c01bbd47fc00a2c39e90264f33305004495a9","hash":"a850ad91792d2f8fdeabdece509ec43852cea124"}
,"E:\\Hacktiv8\\Phase 3\\Final Project\\FP-Backend-Branch\\edufox-backend\\helpers\\multer.js": {"path":"E:\\Hacktiv8\\Phase 3\\Final Project\\FP-Backend-Branch\\edufox-backend\\helpers\\multer.js","statementMap":{"0":{"start":{"line":1,"column":15},"end":{"line":1,"column":32}},"1":{"start":{"line":3,"column":21},"end":{"line":10,"column":2}},"2":{"start":{"line":5,"column":4},"end":{"line":5,"column":25}},"3":{"start":{"line":8,"column":4},"end":{"line":8,"column":52}},"4":{"start":{"line":11,"column":21},"end":{"line":11,"column":54}},"5":{"start":{"line":13,"column":0},"end":{"line":13,"column":30}}},"fnMap":{"0":{"name":"(anonymous_0)","decl":{"start":{"line":4,"column":15},"end":{"line":4,"column":16}},"loc":{"start":{"line":4,"column":34},"end":{"line":6,"column":3}},"line":4},"1":{"name":"(anonymous_1)","decl":{"start":{"line":7,"column":12},"end":{"line":7,"column":13}},"loc":{"start":{"line":7,"column":31},"end":{"line":9,"column":3}},"line":7}},"branchMap":{},"s":{"0":8,"1":8,"2":0,"3":0,"4":8,"5":8},"f":{"0":0,"1":0},"b":{},"_coverageSchema":"1a1c01bbd47fc00a2c39e90264f33305004495a9","hash":"f8a8d6844ba34edf95a56817f64c9c2760cce6de"}
,"E:\\Hacktiv8\\Phase 3\\Final Project\\FP-Backend-Branch\\edufox-backend\\middleware\\authentication.js": {"path":"E:\\Hacktiv8\\Phase 3\\Final Project\\FP-Backend-Branch\\edufox-backend\\middleware\\authentication.js","statementMap":{"0":{"start":{"line":1,"column":17},"end":{"line":1,"column":43}},"1":{"start":{"line":2,"column":30},"end":{"line":2,"column":55}},"2":{"start":{"line":4,"column":23},"end":{"line":47,"column":1}},"3":{"start":{"line":5,"column":2},"end":{"line":46,"column":3}},"4":{"start":{"line":6,"column":29},"end":{"line":6,"column":40}},"5":{"start":{"line":7,"column":4},"end":{"line":9,"column":5}},"6":{"start":{"line":8,"column":6},"end":{"line":8,"column":39}},"7":{"start":{"line":11,"column":21},"end":{"line":11,"column":52}},"8":{"start":{"line":20,"column":8},"end":{"line":20,"column":16}},"9":{"start":{"line":23,"column":17},"end":{"line":27,"column":6}},"10":{"start":{"line":29,"column":4},"end":{"line":31,"column":5}},"11":{"start":{"line":30,"column":6},"end":{"line":30,"column":40}},"12":{"start":{"line":33,"column":4},"end":{"line":40,"column":6}},"13":{"start":{"line":42,"column":4},"end":{"line":42,"column":11}},"14":{"start":{"line":45,"column":4},"end":{"line":45,"column":14}},"15":{"start":{"line":49,"column":0},"end":{"line":49,"column":32}}},"fnMap":{"0":{"name":"(anonymous_0)","decl":{"start":{"line":4,"column":23},"end":{"line":4,"column":24}},"loc":{"start":{"line":4,"column":49},"end":{"line":47,"column":1}},"line":4}},"branchMap":{"0":{"loc":{"start":{"line":7,"column":4},"end":{"line":9,"column":5}},"type":"if","locations":[{"start":{"line":7,"column":4},"end":{"line":9,"column":5}},{"start":{},"end":{}}],"line":7},"1":{"loc":{"start":{"line":29,"column":4},"end":{"line":31,"column":5}},"type":"if","locations":[{"start":{"line":29,"column":4},"end":{"line":31,"column":5}},{"start":{},"end":{}}],"line":29}},"s":{"0":8,"1":8,"2":8,"3":16,"4":16,"5":16,"6":1,"7":15,"8":15,"9":15,"10":15,"11":2,"12":13,"13":13,"14":3,"15":8},"f":{"0":16},"b":{"0":[1,15],"1":[2,13]},"_coverageSchema":"1a1c01bbd47fc00a2c39e90264f33305004495a9","hash":"ce70461f44e47e78fb4b6c815168f97f1198deba"}
,"E:\\Hacktiv8\\Phase 3\\Final Project\\FP-Backend-Branch\\edufox-backend\\middleware\\errorHandle.js": {"path":"E:\\Hacktiv8\\Phase 3\\Final Project\\FP-Backend-Branch\\edufox-backend\\middleware\\errorHandle.js","statementMap":{"0":{"start":{"line":1,"column":21},"end":{"line":35,"column":1}},"1":{"start":{"line":2,"column":2},"end":{"line":2,"column":19}},"2":{"start":{"line":3,"column":19},"end":{"line":3,"column":22}},"3":{"start":{"line":4,"column":16},"end":{"line":4,"column":39}},"4":{"start":{"line":6,"column":2},"end":{"line":12,"column":3}},"5":{"start":{"line":10,"column":4},"end":{"line":10,"column":21}},"6":{"start":{"line":11,"column":4},"end":{"line":11,"column":36}},"7":{"start":{"line":14,"column":2},"end":{"line":16,"column":3}},"8":{"start":{"line":15,"column":4},"end":{"line":15,"column":64}},"9":{"start":{"line":18,"column":2},"end":{"line":20,"column":3}},"10":{"start":{"line":19,"column":4},"end":{"line":19,"column":52}},"11":{"start":{"line":22,"column":2},"end":{"line":25,"column":3}},"12":{"start":{"line":23,"column":4},"end":{"line":23,"column":21}},"13":{"start":{"line":24,"column":4},"end":{"line":24,"column":44}},"14":{"start":{"line":27,"column":2},"end":{"line":29,"column":3}},"15":{"start":{"line":28,"column":4},"end":{"line":28,"column":53}},"16":{"start":{"line":31,"column":2},"end":{"line":34,"column":5}},"17":{"start":{"line":37,"column":0},"end":{"line":37,"column":30}}},"fnMap":{"0":{"name":"(anonymous_0)","decl":{"start":{"line":1,"column":21},"end":{"line":1,"column":22}},"loc":{"start":{"line":1,"column":46},"end":{"line":35,"column":1}},"line":1}},"branchMap":{"0":{"loc":{"start":{"line":6,"column":2},"end":{"line":12,"column":3}},"type":"if","locations":[{"start":{"line":6,"column":2},"end":{"line":12,"column":3}},{"start":{},"end":{}}],"line":6},"1":{"loc":{"start":{"line":7,"column":4},"end":{"line":8,"column":49}},"type":"binary-expr","locations":[{"start":{"line":7,"column":4},"end":{"line":7,"column":43}},{"start":{"line":8,"column":4},"end":{"line":8,"column":49}}],"line":7},"2":{"loc":{"start":{"line":14,"column":2},"end":{"line":16,"column":3}},"type":"if","locations":[{"start":{"line":14,"column":2},"end":{"line":16,"column":3}},{"start":{},"end":{}}],"line":14},"3":{"loc":{"start":{"line":14,"column":6},"end":{"line":14,"column":76}},"type":"binary-expr","locations":[{"start":{"line":14,"column":6},"end":{"line":14,"column":38}},{"start":{"line":14,"column":42},"end":{"line":14,"column":76}}],"line":14},"4":{"loc":{"start":{"line":18,"column":2},"end":{"line":20,"column":3}},"type":"if","locations":[{"start":{"line":18,"column":2},"end":{"line":20,"column":3}},{"start":{},"end":{}}],"line":18},"5":{"loc":{"start":{"line":22,"column":2},"end":{"line":25,"column":3}},"type":"if","locations":[{"start":{"line":22,"column":2},"end":{"line":25,"column":3}},{"start":{},"end":{}}],"line":22},"6":{"loc":{"start":{"line":27,"column":2},"end":{"line":29,"column":3}},"type":"if","locations":[{"start":{"line":27,"column":2},"end":{"line":29,"column":3}},{"start":{},"end":{}}],"line":27}},"s":{"0":8,"1":17,"2":17,"3":17,"4":17,"5":5,"6":5,"7":17,"8":4,"9":17,"10":1,"11":17,"12":2,"13":2,"14":17,"15":4,"16":17,"17":8},"f":{"0":17},"b":{"0":[5,12],"1":[17,13],"2":[4,13],"3":[17,14],"4":[1,16],"5":[2,15],"6":[4,13]},"_coverageSchema":"1a1c01bbd47fc00a2c39e90264f33305004495a9","hash":"e4133c88bc1c67d006943e7a01ff62e763227ca5"}
,"E:\\Hacktiv8\\Phase 3\\Final Project\\FP-Backend-Branch\\edufox-backend\\models\\category.js": {"path":"E:\\Hacktiv8\\Phase 3\\Final Project\\FP-Backend-Branch\\edufox-backend\\models\\category.js","statementMap":{"0":{"start":{"line":2,"column":18},"end":{"line":2,"column":38}},"1":{"start":{"line":3,"column":0},"end":{"line":25,"column":2}},"2":{"start":{"line":12,"column":6},"end":{"line":12,"column":38}},"3":{"start":{"line":15,"column":2},"end":{"line":23,"column":4}},"4":{"start":{"line":24,"column":2},"end":{"line":24,"column":18}}},"fnMap":{"0":{"name":"(anonymous_0)","decl":{"start":{"line":3,"column":17},"end":{"line":3,"column":18}},"loc":{"start":{"line":3,"column":43},"end":{"line":25,"column":1}},"line":3},"1":{"name":"(anonymous_1)","decl":{"start":{"line":10,"column":4},"end":{"line":10,"column":5}},"loc":{"start":{"line":10,"column":29},"end":{"line":13,"column":5}},"line":10}},"branchMap":{},"s":{"0":8,"1":8,"2":8,"3":8,"4":8},"f":{"0":8,"1":8},"b":{},"_coverageSchema":"1a1c01bbd47fc00a2c39e90264f33305004495a9","hash":"fc7383f0bf1d480d61ca311884abc1ac5721f25c"}
,"E:\\Hacktiv8\\Phase 3\\Final Project\\FP-Backend-Branch\\edufox-backend\\models\\chapter.js": {"path":"E:\\Hacktiv8\\Phase 3\\Final Project\\FP-Backend-Branch\\edufox-backend\\models\\chapter.js","statementMap":{"0":{"start":{"line":2,"column":18},"end":{"line":2,"column":38}},"1":{"start":{"line":3,"column":0},"end":{"line":30,"column":2}},"2":{"start":{"line":12,"column":6},"end":{"line":12,"column":39}},"3":{"start":{"line":13,"column":6},"end":{"line":13,"column":73}},"4":{"start":{"line":16,"column":2},"end":{"line":28,"column":4}},"5":{"start":{"line":29,"column":2},"end":{"line":29,"column":17}}},"fnMap":{"0":{"name":"(anonymous_0)","decl":{"start":{"line":3,"column":17},"end":{"line":3,"column":18}},"loc":{"start":{"line":3,"column":43},"end":{"line":30,"column":1}},"line":3},"1":{"name":"(anonymous_1)","decl":{"start":{"line":10,"column":4},"end":{"line":10,"column":5}},"loc":{"start":{"line":10,"column":29},"end":{"line":14,"column":5}},"line":10}},"branchMap":{},"s":{"0":8,"1":8,"2":8,"3":8,"4":8,"5":8},"f":{"0":8,"1":8},"b":{},"_coverageSchema":"1a1c01bbd47fc00a2c39e90264f33305004495a9","hash":"fd289fce44f389ec41498c749c1842530fb73e29"}
,"E:\\Hacktiv8\\Phase 3\\Final Project\\FP-Backend-Branch\\edufox-backend\\models\\course.js": {"path":"E:\\Hacktiv8\\Phase 3\\Final Project\\FP-Backend-Branch\\edufox-backend\\models\\course.js","statementMap":{"0":{"start":{"line":2,"column":18},"end":{"line":2,"column":38}},"1":{"start":{"line":3,"column":0},"end":{"line":33,"column":2}},"2":{"start":{"line":12,"column":6},"end":{"line":12,"column":37}},"3":{"start":{"line":13,"column":6},"end":{"line":13,"column":40}},"4":{"start":{"line":14,"column":6},"end":{"line":14,"column":38}},"5":{"start":{"line":15,"column":6},"end":{"line":15,"column":40}},"6":{"start":{"line":18,"column":2},"end":{"line":31,"column":4}},"7":{"start":{"line":32,"column":2},"end":{"line":32,"column":16}}},"fnMap":{"0":{"name":"(anonymous_0)","decl":{"start":{"line":3,"column":17},"end":{"line":3,"column":18}},"loc":{"start":{"line":3,"column":43},"end":{"line":33,"column":1}},"line":3},"1":{"name":"(anonymous_1)","decl":{"start":{"line":10,"column":4},"end":{"line":10,"column":5}},"loc":{"start":{"line":10,"column":29},"end":{"line":16,"column":5}},"line":10}},"branchMap":{},"s":{"0":8,"1":8,"2":8,"3":8,"4":8,"5":8,"6":8,"7":8},"f":{"0":8,"1":8},"b":{},"_coverageSchema":"1a1c01bbd47fc00a2c39e90264f33305004495a9","hash":"fde67ff0f0dae11beb1b65a7efa6bf795dbd83ce"}
,"E:\\Hacktiv8\\Phase 3\\Final Project\\FP-Backend-Branch\\edufox-backend\\models\\enrollment.js": {"path":"E:\\Hacktiv8\\Phase 3\\Final Project\\FP-Backend-Branch\\edufox-backend\\models\\enrollment.js","statementMap":{"0":{"start":{"line":2,"column":18},"end":{"line":2,"column":38}},"1":{"start":{"line":3,"column":0},"end":{"line":30,"column":2}},"2":{"start":{"line":12,"column":6},"end":{"line":12,"column":42}},"3":{"start":{"line":13,"column":6},"end":{"line":13,"column":40}},"4":{"start":{"line":14,"column":6},"end":{"line":14,"column":75}},"5":{"start":{"line":17,"column":2},"end":{"line":28,"column":4}},"6":{"start":{"line":29,"column":2},"end":{"line":29,"column":20}}},"fnMap":{"0":{"name":"(anonymous_0)","decl":{"start":{"line":3,"column":17},"end":{"line":3,"column":18}},"loc":{"start":{"line":3,"column":43},"end":{"line":30,"column":1}},"line":3},"1":{"name":"(anonymous_1)","decl":{"start":{"line":10,"column":4},"end":{"line":10,"column":5}},"loc":{"start":{"line":10,"column":29},"end":{"line":15,"column":5}},"line":10}},"branchMap":{},"s":{"0":8,"1":8,"2":8,"3":8,"4":8,"5":8,"6":8},"f":{"0":8,"1":8},"b":{},"_coverageSchema":"1a1c01bbd47fc00a2c39e90264f33305004495a9","hash":"18803ea7a0b126fd555fdcd153a2faa2449f91b3"}
,"E:\\Hacktiv8\\Phase 3\\Final Project\\FP-Backend-Branch\\edufox-backend\\models\\feedback.js": {"path":"E:\\Hacktiv8\\Phase 3\\Final Project\\FP-Backend-Branch\\edufox-backend\\models\\feedback.js","statementMap":{"0":{"start":{"line":2,"column":18},"end":{"line":2,"column":38}},"1":{"start":{"line":3,"column":0},"end":{"line":41,"column":2}},"2":{"start":{"line":12,"column":6},"end":{"line":12,"column":40}},"3":{"start":{"line":13,"column":6},"end":{"line":13,"column":38}},"4":{"start":{"line":16,"column":2},"end":{"line":39,"column":4}},"5":{"start":{"line":40,"column":2},"end":{"line":40,"column":18}}},"fnMap":{"0":{"name":"(anonymous_0)","decl":{"start":{"line":3,"column":17},"end":{"line":3,"column":18}},"loc":{"start":{"line":3,"column":43},"end":{"line":41,"column":1}},"line":3},"1":{"name":"(anonymous_1)","decl":{"start":{"line":10,"column":4},"end":{"line":10,"column":5}},"loc":{"start":{"line":10,"column":29},"end":{"line":14,"column":5}},"line":10}},"branchMap":{},"s":{"0":8,"1":8,"2":8,"3":8,"4":8,"5":8},"f":{"0":8,"1":8},"b":{},"_coverageSchema":"1a1c01bbd47fc00a2c39e90264f33305004495a9","hash":"50e97b064b8b12af72475eeebbb442761141a595"}
,"E:\\Hacktiv8\\Phase 3\\Final Project\\FP-Backend-Branch\\edufox-backend\\models\\index.js": {"path":"E:\\Hacktiv8\\Phase 3\\Final Project\\FP-Backend-Branch\\edufox-backend\\models\\index.js","statementMap":{"0":{"start":{"line":3,"column":11},"end":{"line":3,"column":24}},"1":{"start":{"line":4,"column":13},"end":{"line":4,"column":28}},"2":{"start":{"line":5,"column":18},"end":{"line":5,"column":38}},"3":{"start":{"line":6,"column":16},"end":{"line":6,"column":34}},"4":{"start":{"line":7,"column":17},"end":{"line":7,"column":42}},"5":{"start":{"line":8,"column":12},"end":{"line":8,"column":49}},"6":{"start":{"line":9,"column":15},"end":{"line":9,"column":65}},"7":{"start":{"line":10,"column":11},"end":{"line":10,"column":13}},"8":{"start":{"line":13,"column":0},"end":{"line":17,"column":1}},"9":{"start":{"line":14,"column":2},"end":{"line":14,"column":74}},"10":{"start":{"line":16,"column":2},"end":{"line":16,"column":87}},"11":{"start":{"line":19,"column":0},"end":{"line":32,"column":5}},"12":{"start":{"line":22,"column":4},"end":{"line":27,"column":6}},"13":{"start":{"line":30,"column":18},"end":{"line":30,"column":85}},"14":{"start":{"line":31,"column":4},"end":{"line":31,"column":27}},"15":{"start":{"line":34,"column":0},"end":{"line":38,"column":3}},"16":{"start":{"line":35,"column":2},"end":{"line":37,"column":3}},"17":{"start":{"line":36,"column":4},"end":{"line":36,"column":32}},"18":{"start":{"line":40,"column":0},"end":{"line":40,"column":25}},"19":{"start":{"line":41,"column":0},"end":{"line":41,"column":25}},"20":{"start":{"line":43,"column":0},"end":{"line":43,"column":20}}},"fnMap":{"0":{"name":"(anonymous_0)","decl":{"start":{"line":21,"column":10},"end":{"line":21,"column":11}},"loc":{"start":{"line":21,"column":18},"end":{"line":28,"column":3}},"line":21},"1":{"name":"(anonymous_1)","decl":{"start":{"line":29,"column":11},"end":{"line":29,"column":12}},"loc":{"start":{"line":29,"column":19},"end":{"line":32,"column":3}},"line":29},"2":{"name":"(anonymous_2)","decl":{"start":{"line":34,"column":24},"end":{"line":34,"column":25}},"loc":{"start":{"line":34,"column":37},"end":{"line":38,"column":1}},"line":34}},"branchMap":{"0":{"loc":{"start":{"line":8,"column":12},"end":{"line":8,"column":49}},"type":"binary-expr","locations":[{"start":{"line":8,"column":12},"end":{"line":8,"column":32}},{"start":{"line":8,"column":36},"end":{"line":8,"column":49}}],"line":8},"1":{"loc":{"start":{"line":13,"column":0},"end":{"line":17,"column":1}},"type":"if","locations":[{"start":{"line":13,"column":0},"end":{"line":17,"column":1}},{"start":{"line":15,"column":7},"end":{"line":17,"column":1}}],"line":13},"2":{"loc":{"start":{"line":23,"column":6},"end":{"line":26,"column":37}},"type":"binary-expr","locations":[{"start":{"line":23,"column":6},"end":{"line":23,"column":29}},{"start":{"line":24,"column":6},"end":{"line":24,"column":23}},{"start":{"line":25,"column":6},"end":{"line":25,"column":30}},{"start":{"line":26,"column":6},"end":{"line":26,"column":37}}],"line":23},"3":{"loc":{"start":{"line":35,"column":2},"end":{"line":37,"column":3}},"type":"if","locations":[{"start":{"line":35,"column":2},"end":{"line":37,"column":3}},{"start":{},"end":{}}],"line":35}},"s":{"0":8,"1":8,"2":8,"3":8,"4":8,"5":8,"6":8,"7":8,"8":8,"9":0,"10":8,"11":8,"12":56,"13":48,"14":48,"15":8,"16":48,"17":48,"18":8,"19":8,"20":8},"f":{"0":56,"1":48,"2":48},"b":{"0":[8,0],"1":[0,8],"2":[56,56,48,48],"3":[48,0]},"_coverageSchema":"1a1c01bbd47fc00a2c39e90264f33305004495a9","hash":"626d852635024c34b3dacba7535ceb7dde33b9ee"}
,"E:\\Hacktiv8\\Phase 3\\Final Project\\FP-Backend-Branch\\edufox-backend\\models\\user.js": {"path":"E:\\Hacktiv8\\Phase 3\\Final Project\\FP-Backend-Branch\\edufox-backend\\models\\user.js","statementMap":{"0":{"start":{"line":2,"column":18},"end":{"line":2,"column":38}},"1":{"start":{"line":3,"column":25},"end":{"line":3,"column":53}},"2":{"start":{"line":4,"column":0},"end":{"line":79,"column":2}},"3":{"start":{"line":13,"column":6},"end":{"line":13,"column":38}},"4":{"start":{"line":14,"column":6},"end":{"line":14,"column":36}},"5":{"start":{"line":17,"column":2},"end":{"line":72,"column":4}},"6":{"start":{"line":74,"column":2},"end":{"line":76,"column":5}},"7":{"start":{"line":75,"column":4},"end":{"line":75,"column":56}},"8":{"start":{"line":78,"column":2},"end":{"line":78,"column":14}}},"fnMap":{"0":{"name":"(anonymous_0)","decl":{"start":{"line":4,"column":17},"end":{"line":4,"column":18}},"loc":{"start":{"line":4,"column":43},"end":{"line":79,"column":1}},"line":4},"1":{"name":"(anonymous_1)","decl":{"start":{"line":11,"column":4},"end":{"line":11,"column":5}},"loc":{"start":{"line":11,"column":29},"end":{"line":15,"column":5}},"line":11},"2":{"name":"(anonymous_2)","decl":{"start":{"line":74,"column":20},"end":{"line":74,"column":21}},"loc":{"start":{"line":74,"column":43},"end":{"line":76,"column":3}},"line":74}},"branchMap":{},"s":{"0":8,"1":8,"2":8,"3":8,"4":8,"5":8,"6":8,"7":4,"8":8},"f":{"0":8,"1":8,"2":4},"b":{},"_coverageSchema":"1a1c01bbd47fc00a2c39e90264f33305004495a9","hash":"4804f507315e0bfee1d13739638fa29553d8d611"}
,"E:\\Hacktiv8\\Phase 3\\Final Project\\FP-Backend-Branch\\edufox-backend\\routes\\categoriesRoute.js": {"path":"E:\\Hacktiv8\\Phase 3\\Final Project\\FP-Backend-Branch\\edufox-backend\\routes\\categoriesRoute.js","statementMap":{"0":{"start":{"line":1,"column":15},"end":{"line":1,"column":42}},"1":{"start":{"line":2,"column":27},"end":{"line":2,"column":71}},"2":{"start":{"line":4,"column":0},"end":{"line":4,"column":51}},"3":{"start":{"line":7,"column":0},"end":{"line":7,"column":24}}},"fnMap":{},"branchMap":{},"s":{"0":8,"1":8,"2":8,"3":8},"f":{},"b":{},"_coverageSchema":"1a1c01bbd47fc00a2c39e90264f33305004495a9","hash":"3c584655a28302cf10ba1d02a7d70ae97ee4797a"}
,"E:\\Hacktiv8\\Phase 3\\Final Project\\FP-Backend-Branch\\edufox-backend\\routes\\chapterRoute.js": {"path":"E:\\Hacktiv8\\Phase 3\\Final Project\\FP-Backend-Branch\\edufox-backend\\routes\\chapterRoute.js","statementMap":{"0":{"start":{"line":1,"column":15},"end":{"line":1,"column":42}},"1":{"start":{"line":2,"column":23},"end":{"line":2,"column":62}},"2":{"start":{"line":3,"column":26},"end":{"line":3,"column":69}},"3":{"start":{"line":5,"column":0},"end":{"line":5,"column":76}},"4":{"start":{"line":7,"column":0},"end":{"line":7,"column":24}}},"fnMap":{},"branchMap":{},"s":{"0":8,"1":8,"2":8,"3":8,"4":8},"f":{},"b":{},"_coverageSchema":"1a1c01bbd47fc00a2c39e90264f33305004495a9","hash":"1c30b1b310de2cabee7fb76026831564fa68e211"}
,"E:\\Hacktiv8\\Phase 3\\Final Project\\FP-Backend-Branch\\edufox-backend\\routes\\courseRoute.js": {"path":"E:\\Hacktiv8\\Phase 3\\Final Project\\FP-Backend-Branch\\edufox-backend\\routes\\courseRoute.js","statementMap":{"0":{"start":{"line":1,"column":15},"end":{"line":1,"column":42}},"1":{"start":{"line":2,"column":25},"end":{"line":2,"column":67}},"2":{"start":{"line":4,"column":0},"end":{"line":4,"column":47}},"3":{"start":{"line":5,"column":0},"end":{"line":5,"column":60}},"4":{"start":{"line":7,"column":0},"end":{"line":7,"column":24}}},"fnMap":{},"branchMap":{},"s":{"0":8,"1":8,"2":8,"3":8,"4":8},"f":{},"b":{},"_coverageSchema":"1a1c01bbd47fc00a2c39e90264f33305004495a9","hash":"e999e712b66612d2daafe7b417f80cc04e003753"}
,"E:\\Hacktiv8\\Phase 3\\Final Project\\FP-Backend-Branch\\edufox-backend\\routes\\enrollmentsRoute.js": {"path":"E:\\Hacktiv8\\Phase 3\\Final Project\\FP-Backend-Branch\\edufox-backend\\routes\\enrollmentsRoute.js","statementMap":{"0":{"start":{"line":1,"column":15},"end":{"line":1,"column":42}},"1":{"start":{"line":2,"column":29},"end":{"line":2,"column":75}},"2":{"start":{"line":3,"column":23},"end":{"line":3,"column":62}},"3":{"start":{"line":5,"column":0},"end":{"line":5,"column":71}},"4":{"start":{"line":6,"column":0},"end":{"line":6,"column":78}},"5":{"start":{"line":7,"column":0},"end":{"line":11,"column":2}},"6":{"start":{"line":12,"column":0},"end":{"line":16,"column":2}},"7":{"start":{"line":18,"column":0},"end":{"line":18,"column":24}}},"fnMap":{},"branchMap":{},"s":{"0":8,"1":8,"2":8,"3":8,"4":8,"5":8,"6":8,"7":8},"f":{},"b":{},"_coverageSchema":"1a1c01bbd47fc00a2c39e90264f33305004495a9","hash":"0f0dc72d729b151dc433e0301e58918592ea1f96"}
,"E:\\Hacktiv8\\Phase 3\\Final Project\\FP-Backend-Branch\\edufox-backend\\routes\\feedbackRoute.js": {"path":"E:\\Hacktiv8\\Phase 3\\Final Project\\FP-Backend-Branch\\edufox-backend\\routes\\feedbackRoute.js","statementMap":{"0":{"start":{"line":1,"column":15},"end":{"line":1,"column":42}},"1":{"start":{"line":2,"column":23},"end":{"line":2,"column":62}},"2":{"start":{"line":3,"column":27},"end":{"line":3,"column":71}},"3":{"start":{"line":5,"column":0},"end":{"line":5,"column":74}},"4":{"start":{"line":7,"column":0},"end":{"line":7,"column":24}}},"fnMap":{},"branchMap":{},"s":{"0":8,"1":8,"2":8,"3":8,"4":8},"f":{},"b":{},"_coverageSchema":"1a1c01bbd47fc00a2c39e90264f33305004495a9","hash":"94d536b745b834990a5f800858839f38ee9770d3"}
,"E:\\Hacktiv8\\Phase 3\\Final Project\\FP-Backend-Branch\\edufox-backend\\routes\\index.js": {"path":"E:\\Hacktiv8\\Phase 3\\Final Project\\FP-Backend-Branch\\edufox-backend\\routes\\index.js","statementMap":{"0":{"start":{"line":1,"column":15},"end":{"line":1,"column":42}},"1":{"start":{"line":2,"column":25},"end":{"line":2,"column":54}},"2":{"start":{"line":3,"column":20},"end":{"line":3,"column":44}},"3":{"start":{"line":4,"column":21},"end":{"line":4,"column":46}},"4":{"start":{"line":5,"column":24},"end":{"line":5,"column":52}},"5":{"start":{"line":6,"column":25},"end":{"line":6,"column":54}},"6":{"start":{"line":7,"column":22},"end":{"line":7,"column":48}},"7":{"start":{"line":8,"column":18},"end":{"line":8,"column":40}},"8":{"start":{"line":9,"column":24},"end":{"line":9,"column":65}},"9":{"start":{"line":10,"column":27},"end":{"line":10,"column":71}},"10":{"start":{"line":12,"column":0},"end":{"line":12,"column":58}},"11":{"start":{"line":13,"column":0},"end":{"line":13,"column":49}},"12":{"start":{"line":15,"column":0},"end":{"line":15,"column":45}},"13":{"start":{"line":16,"column":0},"end":{"line":16,"column":35}},"14":{"start":{"line":17,"column":0},"end":{"line":17,"column":37}},"15":{"start":{"line":18,"column":0},"end":{"line":18,"column":43}},"16":{"start":{"line":19,"column":0},"end":{"line":19,"column":45}},"17":{"start":{"line":20,"column":0},"end":{"line":20,"column":39}},"18":{"start":{"line":21,"column":0},"end":{"line":21,"column":31}},"19":{"start":{"line":23,"column":0},"end":{"line":23,"column":24}}},"fnMap":{},"branchMap":{},"s":{"0":8,"1":8,"2":8,"3":8,"4":8,"5":8,"6":8,"7":8,"8":8,"9":8,"10":8,"11":8,"12":8,"13":8,"14":8,"15":8,"16":8,"17":8,"18":8,"19":8},"f":{},"b":{},"_coverageSchema":"1a1c01bbd47fc00a2c39e90264f33305004495a9","hash":"8c562f586c836e74e3c61a14dcd0d09dfefe12c0"}
,"E:\\Hacktiv8\\Phase 3\\Final Project\\FP-Backend-Branch\\edufox-backend\\routes\\transactionRoute.js": {"path":"E:\\Hacktiv8\\Phase 3\\Final Project\\FP-Backend-Branch\\edufox-backend\\routes\\transactionRoute.js","statementMap":{"0":{"start":{"line":1,"column":15},"end":{"line":1,"column":42}},"1":{"start":{"line":2,"column":23},"end":{"line":2,"column":62}},"2":{"start":{"line":3,"column":30},"end":{"line":3,"column":77}},"3":{"start":{"line":5,"column":0},"end":{"line":5,"column":79}},"4":{"start":{"line":6,"column":0},"end":{"line":6,"column":73}},"5":{"start":{"line":8,"column":0},"end":{"line":8,"column":24}}},"fnMap":{},"branchMap":{},"s":{"0":8,"1":8,"2":8,"3":8,"4":8,"5":8},"f":{},"b":{},"_coverageSchema":"1a1c01bbd47fc00a2c39e90264f33305004495a9","hash":"c6596366438e855ab1b0ff146ded5120e6c600a2"}
,"E:\\Hacktiv8\\Phase 3\\Final Project\\FP-Backend-Branch\\edufox-backend\\routes\\userRoute.js": {"path":"E:\\Hacktiv8\\Phase 3\\Final Project\\FP-Backend-Branch\\edufox-backend\\routes\\userRoute.js","statementMap":{"0":{"start":{"line":1,"column":15},"end":{"line":1,"column":42}},"1":{"start":{"line":2,"column":21},"end":{"line":2,"column":49}},"2":{"start":{"line":3,"column":23},"end":{"line":3,"column":63}},"3":{"start":{"line":4,"column":23},"end":{"line":4,"column":62}},"4":{"start":{"line":17,"column":0},"end":{"line":22,"column":2}},"5":{"start":{"line":24,"column":0},"end":{"line":24,"column":24}}},"fnMap":{},"branchMap":{},"s":{"0":8,"1":8,"2":8,"3":8,"4":8,"5":8},"f":{},"b":{},"_coverageSchema":"1a1c01bbd47fc00a2c39e90264f33305004495a9","hash":"1569d94578525f45d283c66bb263aa78be737017"}
}
