{"E:\\Hacktiv8\\Phase 3\\Final Project\\FP-Backend\\app.js": {"path":"E:\\Hacktiv8\\Phase 3\\Final Project\\FP-Backend\\app.js","statementMap":{"0":{"start":{"line":1,"column":0},"end":{"line":3,"column":1}},"1":{"start":{"line":2,"column":2},"end":{"line":2,"column":29}},"2":{"start":{"line":5,"column":13},"end":{"line":5,"column":28}},"3":{"start":{"line":6,"column":16},"end":{"line":6,"column":34}},"4":{"start":{"line":7,"column":12},"end":{"line":7,"column":21}},"5":{"start":{"line":9,"column":13},"end":{"line":9,"column":37}},"6":{"start":{"line":10,"column":15},"end":{"line":10,"column":40}},"7":{"start":{"line":11,"column":21},"end":{"line":11,"column":56}},"8":{"start":{"line":13,"column":0},"end":{"line":13,"column":16}},"9":{"start":{"line":14,"column":0},"end":{"line":14,"column":48}},"10":{"start":{"line":15,"column":0},"end":{"line":15,"column":24}},"11":{"start":{"line":17,"column":0},"end":{"line":17,"column":16}},"12":{"start":{"line":18,"column":0},"end":{"line":18,"column":22}},"13":{"start":{"line":24,"column":0},"end":{"line":24,"column":21}}},"fnMap":{},"branchMap":{"0":{"loc":{"start":{"line":1,"column":0},"end":{"line":3,"column":1}},"type":"if","locations":[{"start":{"line":1,"column":0},"end":{"line":3,"column":1}},{"start":{},"end":{}}],"line":1},"1":{"loc":{"start":{"line":9,"column":13},"end":{"line":9,"column":37}},"type":"binary-expr","locations":[{"start":{"line":9,"column":13},"end":{"line":9,"column":29}},{"start":{"line":9,"column":33},"end":{"line":9,"column":37}}],"line":9}},"s":{"0":8,"1":8,"2":8,"3":8,"4":8,"5":8,"6":8,"7":8,"8":8,"9":8,"10":8,"11":8,"12":8,"13":8},"f":{},"b":{"0":[8,0],"1":[8,8]},"_coverageSchema":"1a1c01bbd47fc00a2c39e90264f33305004495a9","hash":"e99f46b498d1deebacee7bf5c64a4f00931463cf"}
,"E:\\Hacktiv8\\Phase 3\\Final Project\\FP-Backend\\controllers\\categoryController.js": {"path":"E:\\Hacktiv8\\Phase 3\\Final Project\\FP-Backend\\controllers\\categoryController.js","statementMap":{"0":{"start":{"line":1,"column":29},"end":{"line":1,"column":55}},"1":{"start":{"line":5,"column":4},"end":{"line":14,"column":5}},"2":{"start":{"line":6,"column":21},"end":{"line":6,"column":45}},"3":{"start":{"line":8,"column":6},"end":{"line":11,"column":9}},"4":{"start":{"line":13,"column":6},"end":{"line":13,"column":16}},"5":{"start":{"line":36,"column":0},"end":{"line":36,"column":36}}},"fnMap":{"0":{"name":"(anonymous_0)","decl":{"start":{"line":4,"column":2},"end":{"line":4,"column":3}},"loc":{"start":{"line":4,"column":46},"end":{"line":15,"column":3}},"line":4}},"branchMap":{},"s":{"0":8,"1":1,"2":1,"3":1,"4":0,"5":8},"f":{"0":1},"b":{},"_coverageSchema":"1a1c01bbd47fc00a2c39e90264f33305004495a9","hash":"ed6f9cd729f3318ada282cd19737370f507cdd58"}
,"E:\\Hacktiv8\\Phase 3\\Final Project\\FP-Backend\\controllers\\chapterController.js": {"path":"E:\\Hacktiv8\\Phase 3\\Final Project\\FP-Backend\\controllers\\chapterController.js","statementMap":{"0":{"start":{"line":1,"column":20},"end":{"line":1,"column":46}},"1":{"start":{"line":5,"column":26},"end":{"line":5,"column":36}},"2":{"start":{"line":6,"column":4},"end":{"line":20,"column":5}},"3":{"start":{"line":8,"column":21},"end":{"line":8,"column":54}},"4":{"start":{"line":10,"column":6},"end":{"line":12,"column":7}},"5":{"start":{"line":11,"column":8},"end":{"line":11,"column":42}},"6":{"start":{"line":14,"column":6},"end":{"line":17,"column":9}},"7":{"start":{"line":19,"column":6},"end":{"line":19,"column":16}},"8":{"start":{"line":24,"column":0},"end":{"line":24,"column":35}}},"fnMap":{"0":{"name":"(anonymous_0)","decl":{"start":{"line":4,"column":2},"end":{"line":4,"column":3}},"loc":{"start":{"line":4,"column":46},"end":{"line":21,"column":3}},"line":4}},"branchMap":{"0":{"loc":{"start":{"line":10,"column":6},"end":{"line":12,"column":7}},"type":"if","locations":[{"start":{"line":10,"column":6},"end":{"line":12,"column":7}},{"start":{},"end":{}}],"line":10}},"s":{"0":8,"1":2,"2":2,"3":2,"4":2,"5":1,"6":1,"7":1,"8":8},"f":{"0":2},"b":{"0":[1,1]},"_coverageSchema":"1a1c01bbd47fc00a2c39e90264f33305004495a9","hash":"9a808474150ca47a6a755be41da926c63a408d6d"}
,"E:\\Hacktiv8\\Phase 3\\Final Project\\FP-Backend\\controllers\\courseController.js": {"path":"E:\\Hacktiv8\\Phase 3\\Final Project\\FP-Backend\\controllers\\courseController.js","statementMap":{"0":{"start":{"line":1,"column":15},"end":{"line":1,"column":35}},"1":{"start":{"line":2,"column":28},"end":{"line":2,"column":54}},"2":{"start":{"line":6,"column":39},"end":{"line":6,"column":48}},"3":{"start":{"line":7,"column":19},"end":{"line":7,"column":21}},"4":{"start":{"line":9,"column":20},"end":{"line":9,"column":21}},"5":{"start":{"line":10,"column":25},"end":{"line":10,"column":26}},"6":{"start":{"line":12,"column":26},"end":{"line":16,"column":5}},"7":{"start":{"line":18,"column":4},"end":{"line":20,"column":5}},"8":{"start":{"line":19,"column":6},"end":{"line":19,"column":22}},"9":{"start":{"line":22,"column":4},"end":{"line":24,"column":5}},"10":{"start":{"line":23,"column":6},"end":{"line":23,"column":46}},"11":{"start":{"line":26,"column":4},"end":{"line":28,"column":5}},"12":{"start":{"line":27,"column":6},"end":{"line":27,"column":44}},"13":{"start":{"line":30,"column":4},"end":{"line":47,"column":5}},"14":{"start":{"line":31,"column":21},"end":{"line":36,"column":8}},"15":{"start":{"line":38,"column":6},"end":{"line":44,"column":9}},"16":{"start":{"line":46,"column":6},"end":{"line":46,"column":16}},"17":{"start":{"line":51,"column":25},"end":{"line":51,"column":35}},"18":{"start":{"line":52,"column":4},"end":{"line":70,"column":5}},"19":{"start":{"line":53,"column":21},"end":{"line":59,"column":8}},"20":{"start":{"line":60,"column":6},"end":{"line":62,"column":7}},"21":{"start":{"line":61,"column":8},"end":{"line":61,"column":42}},"22":{"start":{"line":64,"column":6},"end":{"line":67,"column":9}},"23":{"start":{"line":69,"column":6},"end":{"line":69,"column":16}},"24":{"start":{"line":74,"column":0},"end":{"line":74,"column":34}}},"fnMap":{"0":{"name":"(anonymous_0)","decl":{"start":{"line":5,"column":2},"end":{"line":5,"column":3}},"loc":{"start":{"line":5,"column":44},"end":{"line":48,"column":3}},"line":5},"1":{"name":"(anonymous_1)","decl":{"start":{"line":50,"column":2},"end":{"line":50,"column":3}},"loc":{"start":{"line":50,"column":48},"end":{"line":71,"column":3}},"line":50}},"branchMap":{"0":{"loc":{"start":{"line":18,"column":4},"end":{"line":20,"column":5}},"type":"if","locations":[{"start":{"line":18,"column":4},"end":{"line":20,"column":5}},{"start":{},"end":{}}],"line":18},"1":{"loc":{"start":{"line":22,"column":4},"end":{"line":24,"column":5}},"type":"if","locations":[{"start":{"line":22,"column":4},"end":{"line":24,"column":5}},{"start":{},"end":{}}],"line":22},"2":{"loc":{"start":{"line":26,"column":4},"end":{"line":28,"column":5}},"type":"if","locations":[{"start":{"line":26,"column":4},"end":{"line":28,"column":5}},{"start":{},"end":{}}],"line":26},"3":{"loc":{"start":{"line":40,"column":21},"end":{"line":40,"column":30}},"type":"binary-expr","locations":[{"start":{"line":40,"column":21},"end":{"line":40,"column":25}},{"start":{"line":40,"column":29},"end":{"line":40,"column":30}}],"line":40},"4":{"loc":{"start":{"line":60,"column":6},"end":{"line":62,"column":7}},"type":"if","locations":[{"start":{"line":60,"column":6},"end":{"line":62,"column":7}},{"start":{},"end":{}}],"line":60}},"s":{"0":8,"1":8,"2":1,"3":1,"4":1,"5":1,"6":1,"7":1,"8":0,"9":1,"10":0,"11":1,"12":0,"13":1,"14":1,"15":1,"16":0,"17":2,"18":2,"19":2,"20":2,"21":1,"22":1,"23":1,"24":8},"f":{"0":1,"1":2},"b":{"0":[0,1],"1":[0,1],"2":[0,1],"3":[1,1],"4":[1,1]},"_coverageSchema":"1a1c01bbd47fc00a2c39e90264f33305004495a9","hash":"34eabf5e242dc5e99e05dbf9bd4655b829164867"}
,"E:\\Hacktiv8\\Phase 3\\Final Project\\FP-Backend\\controllers\\enrollmentController.js": {"path":"E:\\Hacktiv8\\Phase 3\\Final Project\\FP-Backend\\controllers\\enrollmentController.js","statementMap":{"0":{"start":{"line":1,"column":15},"end":{"line":1,"column":35}},"1":{"start":{"line":2,"column":46},"end":{"line":2,"column":72}},"2":{"start":{"line":3,"column":19},"end":{"line":3,"column":50}},"3":{"start":{"line":7,"column":23},"end":{"line":7,"column":31}},"4":{"start":{"line":8,"column":27},"end":{"line":8,"column":36}},"5":{"start":{"line":11,"column":20},"end":{"line":11,"column":21}},"6":{"start":{"line":12,"column":25},"end":{"line":12,"column":26}},"7":{"start":{"line":18,"column":4},"end":{"line":20,"column":5}},"8":{"start":{"line":19,"column":6},"end":{"line":19,"column":46}},"9":{"start":{"line":21,"column":4},"end":{"line":43,"column":5}},"10":{"start":{"line":22,"column":21},"end":{"line":33,"column":8}},"11":{"start":{"line":36,"column":6},"end":{"line":39,"column":9}},"12":{"start":{"line":42,"column":6},"end":{"line":42,"column":16}},"13":{"start":{"line":47,"column":25},"end":{"line":47,"column":35}},"14":{"start":{"line":48,"column":23},"end":{"line":48,"column":31}},"15":{"start":{"line":49,"column":4},"end":{"line":85,"column":5}},"16":{"start":{"line":58,"column":21},"end":{"line":71,"column":8}},"17":{"start":{"line":73,"column":6},"end":{"line":75,"column":7}},"18":{"start":{"line":74,"column":8},"end":{"line":74,"column":42}},"19":{"start":{"line":79,"column":6},"end":{"line":82,"column":9}},"20":{"start":{"line":84,"column":6},"end":{"line":84,"column":16}},"21":{"start":{"line":89,"column":25},"end":{"line":89,"column":35}},"22":{"start":{"line":90,"column":36},"end":{"line":90,"column":44}},"23":{"start":{"line":91,"column":4},"end":{"line":136,"column":5}},"24":{"start":{"line":93,"column":26},"end":{"line":93,"column":57}},"25":{"start":{"line":98,"column":6},"end":{"line":100,"column":7}},"26":{"start":{"line":99,"column":8},"end":{"line":99,"column":43}},"27":{"start":{"line":101,"column":25},"end":{"line":106,"column":8}},"28":{"start":{"line":110,"column":6},"end":{"line":112,"column":7}},"29":{"start":{"line":111,"column":8},"end":{"line":111,"column":43}},"30":{"start":{"line":114,"column":26},"end":{"line":119,"column":8}},"31":{"start":{"line":123,"column":21},"end":{"line":127,"column":8}},"32":{"start":{"line":129,"column":6},"end":{"line":132,"column":9}},"33":{"start":{"line":135,"column":6},"end":{"line":135,"column":16}},"34":{"start":{"line":140,"column":25},"end":{"line":140,"column":35}},"35":{"start":{"line":141,"column":37},"end":{"line":141,"column":45}},"36":{"start":{"line":142,"column":23},"end":{"line":142,"column":31}},"37":{"start":{"line":143,"column":4},"end":{"line":174,"column":5}},"38":{"start":{"line":144,"column":26},"end":{"line":149,"column":8}},"39":{"start":{"line":151,"column":6},"end":{"line":153,"column":7}},"40":{"start":{"line":152,"column":8},"end":{"line":152,"column":42}},"41":{"start":{"line":155,"column":21},"end":{"line":165,"column":7}},"42":{"start":{"line":167,"column":6},"end":{"line":170,"column":9}},"43":{"start":{"line":173,"column":6},"end":{"line":173,"column":16}},"44":{"start":{"line":178,"column":0},"end":{"line":178,"column":38}}},"fnMap":{"0":{"name":"(anonymous_0)","decl":{"start":{"line":6,"column":2},"end":{"line":6,"column":3}},"loc":{"start":{"line":6,"column":48},"end":{"line":44,"column":3}},"line":6},"1":{"name":"(anonymous_1)","decl":{"start":{"line":46,"column":2},"end":{"line":46,"column":3}},"loc":{"start":{"line":46,"column":51},"end":{"line":86,"column":3}},"line":46},"2":{"name":"(anonymous_2)","decl":{"start":{"line":88,"column":2},"end":{"line":88,"column":3}},"loc":{"start":{"line":88,"column":45},"end":{"line":137,"column":3}},"line":88},"3":{"name":"(anonymous_3)","decl":{"start":{"line":139,"column":2},"end":{"line":139,"column":3}},"loc":{"start":{"line":139,"column":48},"end":{"line":175,"column":3}},"line":139}},"branchMap":{"0":{"loc":{"start":{"line":18,"column":4},"end":{"line":20,"column":5}},"type":"if","locations":[{"start":{"line":18,"column":4},"end":{"line":20,"column":5}},{"start":{},"end":{}}],"line":18},"1":{"loc":{"start":{"line":73,"column":6},"end":{"line":75,"column":7}},"type":"if","locations":[{"start":{"line":73,"column":6},"end":{"line":75,"column":7}},{"start":{},"end":{}}],"line":73},"2":{"loc":{"start":{"line":98,"column":6},"end":{"line":100,"column":7}},"type":"if","locations":[{"start":{"line":98,"column":6},"end":{"line":100,"column":7}},{"start":{},"end":{}}],"line":98},"3":{"loc":{"start":{"line":98,"column":10},"end":{"line":98,"column":65}},"type":"binary-expr","locations":[{"start":{"line":98,"column":10},"end":{"line":98,"column":40}},{"start":{"line":98,"column":44},"end":{"line":98,"column":65}}],"line":98},"4":{"loc":{"start":{"line":110,"column":6},"end":{"line":112,"column":7}},"type":"if","locations":[{"start":{"line":110,"column":6},"end":{"line":112,"column":7}},{"start":{},"end":{}}],"line":110},"5":{"loc":{"start":{"line":151,"column":6},"end":{"line":153,"column":7}},"type":"if","locations":[{"start":{"line":151,"column":6},"end":{"line":153,"column":7}},{"start":{},"end":{}}],"line":151}},"s":{"0":8,"1":8,"2":8,"3":1,"4":1,"5":1,"6":1,"7":1,"8":0,"9":1,"10":1,"11":1,"12":0,"13":2,"14":2,"15":2,"16":2,"17":2,"18":1,"19":1,"20":1,"21":3,"22":3,"23":3,"24":3,"25":3,"26":1,"27":2,"28":2,"29":1,"30":1,"31":1,"32":1,"33":2,"34":2,"35":2,"36":2,"37":2,"38":2,"39":2,"40":1,"41":1,"42":1,"43":1,"44":8},"f":{"0":1,"1":2,"2":3,"3":2},"b":{"0":[0,1],"1":[1,1],"2":[1,2],"3":[3,3],"4":[1,1],"5":[1,1]},"_coverageSchema":"1a1c01bbd47fc00a2c39e90264f33305004495a9","hash":"1fa02c8ef7d658be4ca9aac403eee9b225a25420"}
,"E:\\Hacktiv8\\Phase 3\\Final Project\\FP-Backend\\controllers\\feedbackController.js": {"path":"E:\\Hacktiv8\\Phase 3\\Final Project\\FP-Backend\\controllers\\feedbackController.js","statementMap":{"0":{"start":{"line":1,"column":35},"end":{"line":1,"column":61}},"1":{"start":{"line":5,"column":23},"end":{"line":5,"column":31}},"2":{"start":{"line":6,"column":25},"end":{"line":6,"column":35}},"3":{"start":{"line":7,"column":32},"end":{"line":7,"column":40}},"4":{"start":{"line":8,"column":4},"end":{"line":139,"column":5}},"5":{"start":{"line":9,"column":28},"end":{"line":14,"column":8}},"6":{"start":{"line":16,"column":23},"end":{"line":20,"column":8}},"7":{"start":{"line":22,"column":19},"end":{"line":22,"column":46}},"8":{"start":{"line":24,"column":24},"end":{"line":24,"column":34}},"9":{"start":{"line":30,"column":24},"end":{"line":30,"column":25}},"10":{"start":{"line":31,"column":23},"end":{"line":31,"column":24}},"11":{"start":{"line":33,"column":6},"end":{"line":35,"column":7}},"12":{"start":{"line":33,"column":19},"end":{"line":33,"column":20}},"13":{"start":{"line":34,"column":8},"end":{"line":34,"column":47}},"14":{"start":{"line":54,"column":6},"end":{"line":135,"column":7}},"15":{"start":{"line":57,"column":8},"end":{"line":57,"column":57}},"16":{"start":{"line":59,"column":8},"end":{"line":59,"column":44}},"17":{"start":{"line":61,"column":8},"end":{"line":61,"column":50}},"18":{"start":{"line":65,"column":29},"end":{"line":74,"column":9}},"19":{"start":{"line":78,"column":31},"end":{"line":89,"column":9}},"20":{"start":{"line":91,"column":8},"end":{"line":94,"column":11}},"21":{"start":{"line":97,"column":8},"end":{"line":97,"column":44}},"22":{"start":{"line":99,"column":8},"end":{"line":99,"column":56}},"23":{"start":{"line":102,"column":29},"end":{"line":111,"column":9}},"24":{"start":{"line":113,"column":27},"end":{"line":122,"column":9}},"25":{"start":{"line":124,"column":31},"end":{"line":129,"column":10}},"26":{"start":{"line":131,"column":8},"end":{"line":134,"column":11}},"27":{"start":{"line":137,"column":6},"end":{"line":137,"column":23}},"28":{"start":{"line":138,"column":6},"end":{"line":138,"column":16}},"29":{"start":{"line":143,"column":0},"end":{"line":143,"column":36}}},"fnMap":{"0":{"name":"(anonymous_0)","decl":{"start":{"line":4,"column":2},"end":{"line":4,"column":3}},"loc":{"start":{"line":4,"column":43},"end":{"line":140,"column":3}},"line":4}},"branchMap":{"0":{"loc":{"start":{"line":54,"column":6},"end":{"line":135,"column":7}},"type":"if","locations":[{"start":{"line":54,"column":6},"end":{"line":135,"column":7}},{"start":{"line":95,"column":13},"end":{"line":135,"column":7}}],"line":54}},"s":{"0":8,"1":1,"2":1,"3":1,"4":1,"5":1,"6":1,"7":1,"8":1,"9":1,"10":1,"11":1,"12":1,"13":0,"14":1,"15":0,"16":0,"17":0,"18":0,"19":0,"20":0,"21":1,"22":1,"23":1,"24":1,"25":1,"26":1,"27":0,"28":0,"29":8},"f":{"0":1},"b":{"0":[0,1]},"_coverageSchema":"1a1c01bbd47fc00a2c39e90264f33305004495a9","hash":"35f0c61be88727ef5a8b15a35521af9c61ea620b"}
,"E:\\Hacktiv8\\Phase 3\\Final Project\\FP-Backend\\controllers\\loginController.js": {"path":"E:\\Hacktiv8\\Phase 3\\Final Project\\FP-Backend\\controllers\\loginController.js","statementMap":{"0":{"start":{"line":1,"column":40},"end":{"line":1,"column":68}},"1":{"start":{"line":2,"column":24},"end":{"line":2,"column":49}},"2":{"start":{"line":3,"column":17},"end":{"line":3,"column":43}},"3":{"start":{"line":7,"column":32},"end":{"line":7,"column":40}},"4":{"start":{"line":9,"column":4},"end":{"line":49,"column":5}},"5":{"start":{"line":10,"column":24},"end":{"line":14,"column":8}},"6":{"start":{"line":16,"column":6},"end":{"line":18,"column":7}},"7":{"start":{"line":17,"column":8},"end":{"line":17,"column":42}},"8":{"start":{"line":20,"column":6},"end":{"line":22,"column":7}},"9":{"start":{"line":21,"column":8},"end":{"line":21,"column":44}},"10":{"start":{"line":24,"column":31},"end":{"line":31,"column":7}},"11":{"start":{"line":33,"column":20},"end":{"line":33,"column":49}},"12":{"start":{"line":35,"column":6},"end":{"line":45,"column":9}},"13":{"start":{"line":48,"column":6},"end":{"line":48,"column":16}},"14":{"start":{"line":53,"column":0},"end":{"line":53,"column":33}}},"fnMap":{"0":{"name":"(anonymous_0)","decl":{"start":{"line":6,"column":2},"end":{"line":6,"column":3}},"loc":{"start":{"line":6,"column":41},"end":{"line":50,"column":3}},"line":6}},"branchMap":{"0":{"loc":{"start":{"line":16,"column":6},"end":{"line":18,"column":7}},"type":"if","locations":[{"start":{"line":16,"column":6},"end":{"line":18,"column":7}},{"start":{},"end":{}}],"line":16},"1":{"loc":{"start":{"line":20,"column":6},"end":{"line":22,"column":7}},"type":"if","locations":[{"start":{"line":20,"column":6},"end":{"line":22,"column":7}},{"start":{},"end":{}}],"line":20}},"s":{"0":8,"1":8,"2":8,"3":16,"4":16,"5":16,"6":16,"7":1,"8":15,"9":1,"10":14,"11":14,"12":14,"13":2,"14":8},"f":{"0":16},"b":{"0":[1,15],"1":[1,14]},"_coverageSchema":"1a1c01bbd47fc00a2c39e90264f33305004495a9","hash":"de7aaec4ec840953f03a62c6ed48479841ffca95"}
,"E:\\Hacktiv8\\Phase 3\\Final Project\\FP-Backend\\controllers\\registerController.js": {"path":"E:\\Hacktiv8\\Phase 3\\Final Project\\FP-Backend\\controllers\\registerController.js","statementMap":{"0":{"start":{"line":1,"column":17},"end":{"line":1,"column":43}},"1":{"start":{"line":5,"column":58},"end":{"line":5,"column":66}},"2":{"start":{"line":6,"column":4},"end":{"line":26,"column":5}},"3":{"start":{"line":7,"column":21},"end":{"line":12,"column":8}},"4":{"start":{"line":14,"column":23},"end":{"line":17,"column":7}},"5":{"start":{"line":19,"column":6},"end":{"line":22,"column":9}},"6":{"start":{"line":24,"column":6},"end":{"line":24,"column":23}},"7":{"start":{"line":25,"column":6},"end":{"line":25,"column":16}},"8":{"start":{"line":30,"column":0},"end":{"line":30,"column":36}}},"fnMap":{"0":{"name":"(anonymous_0)","decl":{"start":{"line":4,"column":2},"end":{"line":4,"column":3}},"loc":{"start":{"line":4,"column":44},"end":{"line":27,"column":3}},"line":4}},"branchMap":{},"s":{"0":8,"1":6,"2":6,"3":6,"4":1,"5":1,"6":5,"7":5,"8":8},"f":{"0":6},"b":{},"_coverageSchema":"1a1c01bbd47fc00a2c39e90264f33305004495a9","hash":"c43cdb77df06c21f9df9637bf95e761844e19b69"}
,"E:\\Hacktiv8\\Phase 3\\Final Project\\FP-Backend\\controllers\\transactionController.js": {"path":"E:\\Hacktiv8\\Phase 3\\Final Project\\FP-Backend\\controllers\\transactionController.js","statementMap":{"0":{"start":{"line":1,"column":24},"end":{"line":1,"column":49}},"1":{"start":{"line":2,"column":17},"end":{"line":2,"column":43}},"2":{"start":{"line":3,"column":23},"end":{"line":3,"column":49}},"3":{"start":{"line":8,"column":6},"end":{"line":8,"column":14}},"4":{"start":{"line":9,"column":4},"end":{"line":43,"column":5}},"5":{"start":{"line":10,"column":19},"end":{"line":10,"column":46}},"6":{"start":{"line":14,"column":21},"end":{"line":23,"column":7}},"7":{"start":{"line":25,"column":31},"end":{"line":32,"column":7}},"8":{"start":{"line":34,"column":20},"end":{"line":34,"column":49}},"9":{"start":{"line":36,"column":6},"end":{"line":40,"column":9}},"10":{"start":{"line":42,"column":6},"end":{"line":42,"column":16}},"11":{"start":{"line":47,"column":34},"end":{"line":47,"column":42}},"12":{"start":{"line":48,"column":4},"end":{"line":79,"column":5}},"13":{"start":{"line":49,"column":19},"end":{"line":49,"column":46}},"14":{"start":{"line":53,"column":17},"end":{"line":56,"column":8}},"15":{"start":{"line":58,"column":22},"end":{"line":70,"column":7}},"16":{"start":{"line":71,"column":28},"end":{"line":71,"column":67}},"17":{"start":{"line":73,"column":6},"end":{"line":76,"column":9}},"18":{"start":{"line":78,"column":6},"end":{"line":78,"column":16}},"19":{"start":{"line":83,"column":0},"end":{"line":83,"column":39}}},"fnMap":{"0":{"name":"(anonymous_0)","decl":{"start":{"line":6,"column":2},"end":{"line":6,"column":3}},"loc":{"start":{"line":6,"column":47},"end":{"line":44,"column":3}},"line":6},"1":{"name":"(anonymous_1)","decl":{"start":{"line":46,"column":2},"end":{"line":46,"column":3}},"loc":{"start":{"line":46,"column":54},"end":{"line":80,"column":3}},"line":46}},"branchMap":{},"s":{"0":8,"1":8,"2":8,"3":1,"4":1,"5":1,"6":1,"7":1,"8":1,"9":1,"10":0,"11":1,"12":1,"13":1,"14":1,"15":1,"16":1,"17":1,"18":0,"19":8},"f":{"0":1,"1":1},"b":{},"_coverageSchema":"1a1c01bbd47fc00a2c39e90264f33305004495a9","hash":"ccbfed95bcfaa964f97de9aa890e8c8595724c1e"}
,"E:\\Hacktiv8\\Phase 3\\Final Project\\FP-Backend\\controllers\\userController.js": {"path":"E:\\Hacktiv8\\Phase 3\\Final Project\\FP-Backend\\controllers\\userController.js","statementMap":{"0":{"start":{"line":1,"column":19},"end":{"line":1,"column":51}},"1":{"start":{"line":2,"column":17},"end":{"line":2,"column":43}},"2":{"start":{"line":6,"column":23},"end":{"line":6,"column":31}},"3":{"start":{"line":7,"column":4},"end":{"line":33,"column":5}},"4":{"start":{"line":9,"column":6},"end":{"line":9,"column":46}},"5":{"start":{"line":10,"column":6},"end":{"line":29,"column":9}},"6":{"start":{"line":11,"column":8},"end":{"line":16,"column":9}},"7":{"start":{"line":12,"column":10},"end":{"line":12,"column":27}},"8":{"start":{"line":13,"column":10},"end":{"line":15,"column":13}},"9":{"start":{"line":18,"column":21},"end":{"line":23,"column":9}},"10":{"start":{"line":24,"column":8},"end":{"line":24,"column":30}},"11":{"start":{"line":26,"column":8},"end":{"line":28,"column":11}},"12":{"start":{"line":31,"column":6},"end":{"line":31,"column":25}},"13":{"start":{"line":32,"column":6},"end":{"line":32,"column":18}},"14":{"start":{"line":37,"column":0},"end":{"line":37,"column":32}}},"fnMap":{"0":{"name":"(anonymous_0)","decl":{"start":{"line":5,"column":2},"end":{"line":5,"column":3}},"loc":{"start":{"line":5,"column":49},"end":{"line":34,"column":3}},"line":5},"1":{"name":"(anonymous_1)","decl":{"start":{"line":10,"column":48},"end":{"line":10,"column":49}},"loc":{"start":{"line":10,"column":71},"end":{"line":29,"column":7}},"line":10}},"branchMap":{"0":{"loc":{"start":{"line":11,"column":8},"end":{"line":16,"column":9}},"type":"if","locations":[{"start":{"line":11,"column":8},"end":{"line":16,"column":9}},{"start":{},"end":{}}],"line":11}},"s":{"0":8,"1":8,"2":0,"3":0,"4":0,"5":0,"6":0,"7":0,"8":0,"9":0,"10":0,"11":0,"12":0,"13":0,"14":8},"f":{"0":0,"1":0},"b":{"0":[0,0]},"_coverageSchema":"1a1c01bbd47fc00a2c39e90264f33305004495a9","hash":"6c8594c016a4100d5c060b5dec26326ef2996b4f"}
,"E:\\Hacktiv8\\Phase 3\\Final Project\\FP-Backend\\helpers\\bcrypt.js": {"path":"E:\\Hacktiv8\\Phase 3\\Final Project\\FP-Backend\\helpers\\bcrypt.js","statementMap":{"0":{"start":{"line":1,"column":15},"end":{"line":1,"column":34}},"1":{"start":{"line":3,"column":21},"end":{"line":3,"column":62}},"2":{"start":{"line":3,"column":36},"end":{"line":3,"column":62}},"3":{"start":{"line":5,"column":36},"end":{"line":6,"column":37}},"4":{"start":{"line":6,"column":2},"end":{"line":6,"column":37}},"5":{"start":{"line":8,"column":0},"end":{"line":8,"column":63}}},"fnMap":{"0":{"name":"(anonymous_0)","decl":{"start":{"line":3,"column":21},"end":{"line":3,"column":22}},"loc":{"start":{"line":3,"column":36},"end":{"line":3,"column":62}},"line":3},"1":{"name":"(anonymous_1)","decl":{"start":{"line":5,"column":36},"end":{"line":5,"column":37}},"loc":{"start":{"line":6,"column":2},"end":{"line":6,"column":37}},"line":6}},"branchMap":{},"s":{"0":8,"1":8,"2":12,"3":8,"4":15,"5":8},"f":{"0":12,"1":15},"b":{},"_coverageSchema":"1a1c01bbd47fc00a2c39e90264f33305004495a9","hash":"19c6ff5fa34f9a8a84b7e61c26b5b45be990492a"}
,"E:\\Hacktiv8\\Phase 3\\Final Project\\FP-Backend\\helpers\\cloudinary.js": {"path":"E:\\Hacktiv8\\Phase 3\\Final Project\\FP-Backend\\helpers\\cloudinary.js","statementMap":{"0":{"start":{"line":1,"column":19},"end":{"line":1,"column":43}},"1":{"start":{"line":3,"column":0},"end":{"line":7,"column":3}},"2":{"start":{"line":9,"column":0},"end":{"line":9,"column":28}}},"fnMap":{},"branchMap":{},"s":{"0":8,"1":8,"2":8},"f":{},"b":{},"_coverageSchema":"1a1c01bbd47fc00a2c39e90264f33305004495a9","hash":"09e1349939231388bd1a9e49d46503c961253825"}
,"E:\\Hacktiv8\\Phase 3\\Final Project\\FP-Backend\\helpers\\jwt.js": {"path":"E:\\Hacktiv8\\Phase 3\\Final Project\\FP-Backend\\helpers\\jwt.js","statementMap":{"0":{"start":{"line":1,"column":12},"end":{"line":1,"column":35}},"1":{"start":{"line":3,"column":19},"end":{"line":3,"column":41}},"2":{"start":{"line":5,"column":20},"end":{"line":7,"column":1}},"3":{"start":{"line":6,"column":2},"end":{"line":6,"column":39}},"4":{"start":{"line":9,"column":26},"end":{"line":11,"column":1}},"5":{"start":{"line":10,"column":2},"end":{"line":10,"column":39}},"6":{"start":{"line":13,"column":0},"end":{"line":13,"column":52}}},"fnMap":{"0":{"name":"(anonymous_0)","decl":{"start":{"line":5,"column":20},"end":{"line":5,"column":21}},"loc":{"start":{"line":5,"column":33},"end":{"line":7,"column":1}},"line":5},"1":{"name":"(anonymous_1)","decl":{"start":{"line":9,"column":26},"end":{"line":9,"column":27}},"loc":{"start":{"line":9,"column":37},"end":{"line":11,"column":1}},"line":9}},"branchMap":{},"s":{"0":8,"1":8,"2":8,"3":15,"4":8,"5":15,"6":8},"f":{"0":15,"1":15},"b":{},"_coverageSchema":"1a1c01bbd47fc00a2c39e90264f33305004495a9","hash":"c6c56bf79bd72a4196417a0a5bb839e77df8c516"}
,"E:\\Hacktiv8\\Phase 3\\Final Project\\FP-Backend\\helpers\\multer.js": {"path":"E:\\Hacktiv8\\Phase 3\\Final Project\\FP-Backend\\helpers\\multer.js","statementMap":{"0":{"start":{"line":1,"column":15},"end":{"line":1,"column":32}},"1":{"start":{"line":3,"column":21},"end":{"line":10,"column":2}},"2":{"start":{"line":5,"column":4},"end":{"line":5,"column":25}},"3":{"start":{"line":8,"column":4},"end":{"line":8,"column":52}},"4":{"start":{"line":11,"column":21},"end":{"line":11,"column":54}},"5":{"start":{"line":13,"column":0},"end":{"line":13,"column":30}}},"fnMap":{"0":{"name":"(anonymous_0)","decl":{"start":{"line":4,"column":15},"end":{"line":4,"column":16}},"loc":{"start":{"line":4,"column":34},"end":{"line":6,"column":3}},"line":4},"1":{"name":"(anonymous_1)","decl":{"start":{"line":7,"column":12},"end":{"line":7,"column":13}},"loc":{"start":{"line":7,"column":31},"end":{"line":9,"column":3}},"line":7}},"branchMap":{},"s":{"0":8,"1":8,"2":0,"3":0,"4":8,"5":8},"f":{"0":0,"1":0},"b":{},"_coverageSchema":"1a1c01bbd47fc00a2c39e90264f33305004495a9","hash":"4389a85a757190bd6da790b4ac8fb09fe0f723e6"}
,"E:\\Hacktiv8\\Phase 3\\Final Project\\FP-Backend\\middleware\\authentication.js": {"path":"E:\\Hacktiv8\\Phase 3\\Final Project\\FP-Backend\\middleware\\authentication.js","statementMap":{"0":{"start":{"line":1,"column":17},"end":{"line":1,"column":43}},"1":{"start":{"line":2,"column":30},"end":{"line":2,"column":55}},"2":{"start":{"line":4,"column":23},"end":{"line":47,"column":1}},"3":{"start":{"line":5,"column":2},"end":{"line":46,"column":3}},"4":{"start":{"line":6,"column":29},"end":{"line":6,"column":40}},"5":{"start":{"line":7,"column":4},"end":{"line":9,"column":5}},"6":{"start":{"line":8,"column":6},"end":{"line":8,"column":39}},"7":{"start":{"line":11,"column":21},"end":{"line":11,"column":52}},"8":{"start":{"line":20,"column":8},"end":{"line":20,"column":16}},"9":{"start":{"line":23,"column":17},"end":{"line":27,"column":6}},"10":{"start":{"line":29,"column":4},"end":{"line":31,"column":5}},"11":{"start":{"line":30,"column":6},"end":{"line":30,"column":40}},"12":{"start":{"line":33,"column":4},"end":{"line":40,"column":6}},"13":{"start":{"line":42,"column":4},"end":{"line":42,"column":11}},"14":{"start":{"line":45,"column":4},"end":{"line":45,"column":14}},"15":{"start":{"line":49,"column":0},"end":{"line":49,"column":32}}},"fnMap":{"0":{"name":"(anonymous_0)","decl":{"start":{"line":4,"column":23},"end":{"line":4,"column":24}},"loc":{"start":{"line":4,"column":49},"end":{"line":47,"column":1}},"line":4}},"branchMap":{"0":{"loc":{"start":{"line":7,"column":4},"end":{"line":9,"column":5}},"type":"if","locations":[{"start":{"line":7,"column":4},"end":{"line":9,"column":5}},{"start":{},"end":{}}],"line":7},"1":{"loc":{"start":{"line":29,"column":4},"end":{"line":31,"column":5}},"type":"if","locations":[{"start":{"line":29,"column":4},"end":{"line":31,"column":5}},{"start":{},"end":{}}],"line":29}},"s":{"0":8,"1":8,"2":8,"3":16,"4":16,"5":16,"6":1,"7":15,"8":15,"9":15,"10":15,"11":2,"12":13,"13":13,"14":3,"15":8},"f":{"0":16},"b":{"0":[1,15],"1":[2,13]},"_coverageSchema":"1a1c01bbd47fc00a2c39e90264f33305004495a9","hash":"244b7efd63b673bcc7ac474643be9b0e325a72c5"}
,"E:\\Hacktiv8\\Phase 3\\Final Project\\FP-Backend\\middleware\\errorHandle.js": {"path":"E:\\Hacktiv8\\Phase 3\\Final Project\\FP-Backend\\middleware\\errorHandle.js","statementMap":{"0":{"start":{"line":1,"column":21},"end":{"line":35,"column":1}},"1":{"start":{"line":2,"column":2},"end":{"line":2,"column":19}},"2":{"start":{"line":3,"column":19},"end":{"line":3,"column":22}},"3":{"start":{"line":4,"column":16},"end":{"line":4,"column":39}},"4":{"start":{"line":6,"column":2},"end":{"line":12,"column":3}},"5":{"start":{"line":10,"column":4},"end":{"line":10,"column":21}},"6":{"start":{"line":11,"column":4},"end":{"line":11,"column":36}},"7":{"start":{"line":14,"column":2},"end":{"line":16,"column":3}},"8":{"start":{"line":15,"column":4},"end":{"line":15,"column":64}},"9":{"start":{"line":18,"column":2},"end":{"line":20,"column":3}},"10":{"start":{"line":19,"column":4},"end":{"line":19,"column":52}},"11":{"start":{"line":22,"column":2},"end":{"line":25,"column":3}},"12":{"start":{"line":23,"column":4},"end":{"line":23,"column":21}},"13":{"start":{"line":24,"column":4},"end":{"line":24,"column":44}},"14":{"start":{"line":27,"column":2},"end":{"line":29,"column":3}},"15":{"start":{"line":28,"column":4},"end":{"line":28,"column":53}},"16":{"start":{"line":31,"column":2},"end":{"line":34,"column":5}},"17":{"start":{"line":37,"column":0},"end":{"line":37,"column":30}}},"fnMap":{"0":{"name":"(anonymous_0)","decl":{"start":{"line":1,"column":21},"end":{"line":1,"column":22}},"loc":{"start":{"line":1,"column":46},"end":{"line":35,"column":1}},"line":1}},"branchMap":{"0":{"loc":{"start":{"line":6,"column":2},"end":{"line":12,"column":3}},"type":"if","locations":[{"start":{"line":6,"column":2},"end":{"line":12,"column":3}},{"start":{},"end":{}}],"line":6},"1":{"loc":{"start":{"line":7,"column":4},"end":{"line":8,"column":49}},"type":"binary-expr","locations":[{"start":{"line":7,"column":4},"end":{"line":7,"column":43}},{"start":{"line":8,"column":4},"end":{"line":8,"column":49}}],"line":7},"2":{"loc":{"start":{"line":14,"column":2},"end":{"line":16,"column":3}},"type":"if","locations":[{"start":{"line":14,"column":2},"end":{"line":16,"column":3}},{"start":{},"end":{}}],"line":14},"3":{"loc":{"start":{"line":14,"column":6},"end":{"line":14,"column":76}},"type":"binary-expr","locations":[{"start":{"line":14,"column":6},"end":{"line":14,"column":38}},{"start":{"line":14,"column":42},"end":{"line":14,"column":76}}],"line":14},"4":{"loc":{"start":{"line":18,"column":2},"end":{"line":20,"column":3}},"type":"if","locations":[{"start":{"line":18,"column":2},"end":{"line":20,"column":3}},{"start":{},"end":{}}],"line":18},"5":{"loc":{"start":{"line":22,"column":2},"end":{"line":25,"column":3}},"type":"if","locations":[{"start":{"line":22,"column":2},"end":{"line":25,"column":3}},{"start":{},"end":{}}],"line":22},"6":{"loc":{"start":{"line":27,"column":2},"end":{"line":29,"column":3}},"type":"if","locations":[{"start":{"line":27,"column":2},"end":{"line":29,"column":3}},{"start":{},"end":{}}],"line":27}},"s":{"0":8,"1":16,"2":16,"3":16,"4":16,"5":5,"6":5,"7":16,"8":4,"9":16,"10":1,"11":16,"12":2,"13":2,"14":16,"15":4,"16":16,"17":8},"f":{"0":16},"b":{"0":[5,11],"1":[16,12],"2":[4,12],"3":[16,13],"4":[1,15],"5":[2,14],"6":[4,12]},"_coverageSchema":"1a1c01bbd47fc00a2c39e90264f33305004495a9","hash":"ad6ba03c3724f188f3cbf547c0032b5495070120"}
,"E:\\Hacktiv8\\Phase 3\\Final Project\\FP-Backend\\models\\category.js": {"path":"E:\\Hacktiv8\\Phase 3\\Final Project\\FP-Backend\\models\\category.js","statementMap":{"0":{"start":{"line":2,"column":18},"end":{"line":2,"column":38}},"1":{"start":{"line":3,"column":0},"end":{"line":25,"column":2}},"2":{"start":{"line":12,"column":6},"end":{"line":12,"column":38}},"3":{"start":{"line":15,"column":2},"end":{"line":23,"column":4}},"4":{"start":{"line":24,"column":2},"end":{"line":24,"column":18}}},"fnMap":{"0":{"name":"(anonymous_0)","decl":{"start":{"line":3,"column":17},"end":{"line":3,"column":18}},"loc":{"start":{"line":3,"column":43},"end":{"line":25,"column":1}},"line":3},"1":{"name":"(anonymous_1)","decl":{"start":{"line":10,"column":4},"end":{"line":10,"column":5}},"loc":{"start":{"line":10,"column":29},"end":{"line":13,"column":5}},"line":10}},"branchMap":{},"s":{"0":8,"1":8,"2":8,"3":8,"4":8},"f":{"0":8,"1":8},"b":{},"_coverageSchema":"1a1c01bbd47fc00a2c39e90264f33305004495a9","hash":"0cece6110920ae5d6ffae9eeb0dfa5944341e419"}
,"E:\\Hacktiv8\\Phase 3\\Final Project\\FP-Backend\\models\\chapter.js": {"path":"E:\\Hacktiv8\\Phase 3\\Final Project\\FP-Backend\\models\\chapter.js","statementMap":{"0":{"start":{"line":2,"column":18},"end":{"line":2,"column":38}},"1":{"start":{"line":3,"column":0},"end":{"line":30,"column":2}},"2":{"start":{"line":12,"column":6},"end":{"line":12,"column":39}},"3":{"start":{"line":13,"column":6},"end":{"line":13,"column":73}},"4":{"start":{"line":16,"column":2},"end":{"line":28,"column":4}},"5":{"start":{"line":29,"column":2},"end":{"line":29,"column":17}}},"fnMap":{"0":{"name":"(anonymous_0)","decl":{"start":{"line":3,"column":17},"end":{"line":3,"column":18}},"loc":{"start":{"line":3,"column":43},"end":{"line":30,"column":1}},"line":3},"1":{"name":"(anonymous_1)","decl":{"start":{"line":10,"column":4},"end":{"line":10,"column":5}},"loc":{"start":{"line":10,"column":29},"end":{"line":14,"column":5}},"line":10}},"branchMap":{},"s":{"0":8,"1":8,"2":8,"3":8,"4":8,"5":8},"f":{"0":8,"1":8},"b":{},"_coverageSchema":"1a1c01bbd47fc00a2c39e90264f33305004495a9","hash":"d9f8ec846be766290ce9991ac5ad5513e5e0945e"}
,"E:\\Hacktiv8\\Phase 3\\Final Project\\FP-Backend\\models\\course.js": {"path":"E:\\Hacktiv8\\Phase 3\\Final Project\\FP-Backend\\models\\course.js","statementMap":{"0":{"start":{"line":2,"column":18},"end":{"line":2,"column":38}},"1":{"start":{"line":3,"column":0},"end":{"line":32,"column":2}},"2":{"start":{"line":12,"column":6},"end":{"line":12,"column":37}},"3":{"start":{"line":13,"column":6},"end":{"line":13,"column":40}},"4":{"start":{"line":14,"column":6},"end":{"line":14,"column":38}},"5":{"start":{"line":15,"column":6},"end":{"line":15,"column":40}},"6":{"start":{"line":18,"column":2},"end":{"line":30,"column":4}},"7":{"start":{"line":31,"column":2},"end":{"line":31,"column":16}}},"fnMap":{"0":{"name":"(anonymous_0)","decl":{"start":{"line":3,"column":17},"end":{"line":3,"column":18}},"loc":{"start":{"line":3,"column":43},"end":{"line":32,"column":1}},"line":3},"1":{"name":"(anonymous_1)","decl":{"start":{"line":10,"column":4},"end":{"line":10,"column":5}},"loc":{"start":{"line":10,"column":29},"end":{"line":16,"column":5}},"line":10}},"branchMap":{},"s":{"0":8,"1":8,"2":8,"3":8,"4":8,"5":8,"6":8,"7":8},"f":{"0":8,"1":8},"b":{},"_coverageSchema":"1a1c01bbd47fc00a2c39e90264f33305004495a9","hash":"9d98c1f6bf1522b58828f479bd8ee45ee93f887d"}
,"E:\\Hacktiv8\\Phase 3\\Final Project\\FP-Backend\\models\\enrollment.js": {"path":"E:\\Hacktiv8\\Phase 3\\Final Project\\FP-Backend\\models\\enrollment.js","statementMap":{"0":{"start":{"line":2,"column":18},"end":{"line":2,"column":38}},"1":{"start":{"line":3,"column":0},"end":{"line":30,"column":2}},"2":{"start":{"line":12,"column":6},"end":{"line":12,"column":42}},"3":{"start":{"line":13,"column":6},"end":{"line":13,"column":40}},"4":{"start":{"line":14,"column":6},"end":{"line":14,"column":75}},"5":{"start":{"line":17,"column":2},"end":{"line":28,"column":4}},"6":{"start":{"line":29,"column":2},"end":{"line":29,"column":20}}},"fnMap":{"0":{"name":"(anonymous_0)","decl":{"start":{"line":3,"column":17},"end":{"line":3,"column":18}},"loc":{"start":{"line":3,"column":43},"end":{"line":30,"column":1}},"line":3},"1":{"name":"(anonymous_1)","decl":{"start":{"line":10,"column":4},"end":{"line":10,"column":5}},"loc":{"start":{"line":10,"column":29},"end":{"line":15,"column":5}},"line":10}},"branchMap":{},"s":{"0":8,"1":8,"2":8,"3":8,"4":8,"5":8,"6":8},"f":{"0":8,"1":8},"b":{},"_coverageSchema":"1a1c01bbd47fc00a2c39e90264f33305004495a9","hash":"40190c7a4410bcb6a2cd9c7a825467196707d4a7"}
,"E:\\Hacktiv8\\Phase 3\\Final Project\\FP-Backend\\models\\feedback.js": {"path":"E:\\Hacktiv8\\Phase 3\\Final Project\\FP-Backend\\models\\feedback.js","statementMap":{"0":{"start":{"line":2,"column":18},"end":{"line":2,"column":38}},"1":{"start":{"line":3,"column":0},"end":{"line":41,"column":2}},"2":{"start":{"line":12,"column":6},"end":{"line":12,"column":40}},"3":{"start":{"line":13,"column":6},"end":{"line":13,"column":38}},"4":{"start":{"line":16,"column":2},"end":{"line":39,"column":4}},"5":{"start":{"line":40,"column":2},"end":{"line":40,"column":18}}},"fnMap":{"0":{"name":"(anonymous_0)","decl":{"start":{"line":3,"column":17},"end":{"line":3,"column":18}},"loc":{"start":{"line":3,"column":43},"end":{"line":41,"column":1}},"line":3},"1":{"name":"(anonymous_1)","decl":{"start":{"line":10,"column":4},"end":{"line":10,"column":5}},"loc":{"start":{"line":10,"column":29},"end":{"line":14,"column":5}},"line":10}},"branchMap":{},"s":{"0":8,"1":8,"2":8,"3":8,"4":8,"5":8},"f":{"0":8,"1":8},"b":{},"_coverageSchema":"1a1c01bbd47fc00a2c39e90264f33305004495a9","hash":"5ecd899aeb7d5d78239a2558895a2b772843055a"}
,"E:\\Hacktiv8\\Phase 3\\Final Project\\FP-Backend\\models\\index.js": {"path":"E:\\Hacktiv8\\Phase 3\\Final Project\\FP-Backend\\models\\index.js","statementMap":{"0":{"start":{"line":3,"column":11},"end":{"line":3,"column":24}},"1":{"start":{"line":4,"column":13},"end":{"line":4,"column":28}},"2":{"start":{"line":5,"column":18},"end":{"line":5,"column":38}},"3":{"start":{"line":6,"column":16},"end":{"line":6,"column":34}},"4":{"start":{"line":7,"column":17},"end":{"line":7,"column":42}},"5":{"start":{"line":8,"column":12},"end":{"line":8,"column":49}},"6":{"start":{"line":9,"column":15},"end":{"line":9,"column":65}},"7":{"start":{"line":10,"column":11},"end":{"line":10,"column":13}},"8":{"start":{"line":13,"column":0},"end":{"line":17,"column":1}},"9":{"start":{"line":14,"column":2},"end":{"line":14,"column":74}},"10":{"start":{"line":16,"column":2},"end":{"line":16,"column":87}},"11":{"start":{"line":19,"column":0},"end":{"line":32,"column":5}},"12":{"start":{"line":22,"column":4},"end":{"line":27,"column":6}},"13":{"start":{"line":30,"column":18},"end":{"line":30,"column":85}},"14":{"start":{"line":31,"column":4},"end":{"line":31,"column":27}},"15":{"start":{"line":34,"column":0},"end":{"line":38,"column":3}},"16":{"start":{"line":35,"column":2},"end":{"line":37,"column":3}},"17":{"start":{"line":36,"column":4},"end":{"line":36,"column":32}},"18":{"start":{"line":40,"column":0},"end":{"line":40,"column":25}},"19":{"start":{"line":41,"column":0},"end":{"line":41,"column":25}},"20":{"start":{"line":43,"column":0},"end":{"line":43,"column":20}}},"fnMap":{"0":{"name":"(anonymous_0)","decl":{"start":{"line":21,"column":10},"end":{"line":21,"column":11}},"loc":{"start":{"line":21,"column":18},"end":{"line":28,"column":3}},"line":21},"1":{"name":"(anonymous_1)","decl":{"start":{"line":29,"column":11},"end":{"line":29,"column":12}},"loc":{"start":{"line":29,"column":19},"end":{"line":32,"column":3}},"line":29},"2":{"name":"(anonymous_2)","decl":{"start":{"line":34,"column":24},"end":{"line":34,"column":25}},"loc":{"start":{"line":34,"column":37},"end":{"line":38,"column":1}},"line":34}},"branchMap":{"0":{"loc":{"start":{"line":8,"column":12},"end":{"line":8,"column":49}},"type":"binary-expr","locations":[{"start":{"line":8,"column":12},"end":{"line":8,"column":32}},{"start":{"line":8,"column":36},"end":{"line":8,"column":49}}],"line":8},"1":{"loc":{"start":{"line":13,"column":0},"end":{"line":17,"column":1}},"type":"if","locations":[{"start":{"line":13,"column":0},"end":{"line":17,"column":1}},{"start":{"line":15,"column":7},"end":{"line":17,"column":1}}],"line":13},"2":{"loc":{"start":{"line":23,"column":6},"end":{"line":26,"column":37}},"type":"binary-expr","locations":[{"start":{"line":23,"column":6},"end":{"line":23,"column":29}},{"start":{"line":24,"column":6},"end":{"line":24,"column":23}},{"start":{"line":25,"column":6},"end":{"line":25,"column":30}},{"start":{"line":26,"column":6},"end":{"line":26,"column":37}}],"line":23},"3":{"loc":{"start":{"line":35,"column":2},"end":{"line":37,"column":3}},"type":"if","locations":[{"start":{"line":35,"column":2},"end":{"line":37,"column":3}},{"start":{},"end":{}}],"line":35}},"s":{"0":8,"1":8,"2":8,"3":8,"4":8,"5":8,"6":8,"7":8,"8":8,"9":0,"10":8,"11":8,"12":56,"13":48,"14":48,"15":8,"16":48,"17":48,"18":8,"19":8,"20":8},"f":{"0":56,"1":48,"2":48},"b":{"0":[8,0],"1":[0,8],"2":[56,56,48,48],"3":[48,0]},"_coverageSchema":"1a1c01bbd47fc00a2c39e90264f33305004495a9","hash":"616555acfe3313c72c03cc58267f2ee8a51c5bce"}
,"E:\\Hacktiv8\\Phase 3\\Final Project\\FP-Backend\\models\\user.js": {"path":"E:\\Hacktiv8\\Phase 3\\Final Project\\FP-Backend\\models\\user.js","statementMap":{"0":{"start":{"line":2,"column":18},"end":{"line":2,"column":38}},"1":{"start":{"line":3,"column":25},"end":{"line":3,"column":53}},"2":{"start":{"line":4,"column":0},"end":{"line":73,"column":2}},"3":{"start":{"line":13,"column":6},"end":{"line":13,"column":38}},"4":{"start":{"line":14,"column":6},"end":{"line":14,"column":36}},"5":{"start":{"line":17,"column":2},"end":{"line":66,"column":4}},"6":{"start":{"line":68,"column":2},"end":{"line":70,"column":5}},"7":{"start":{"line":69,"column":4},"end":{"line":69,"column":56}},"8":{"start":{"line":72,"column":2},"end":{"line":72,"column":14}}},"fnMap":{"0":{"name":"(anonymous_0)","decl":{"start":{"line":4,"column":17},"end":{"line":4,"column":18}},"loc":{"start":{"line":4,"column":43},"end":{"line":73,"column":1}},"line":4},"1":{"name":"(anonymous_1)","decl":{"start":{"line":11,"column":4},"end":{"line":11,"column":5}},"loc":{"start":{"line":11,"column":29},"end":{"line":15,"column":5}},"line":11},"2":{"name":"(anonymous_2)","decl":{"start":{"line":68,"column":20},"end":{"line":68,"column":21}},"loc":{"start":{"line":68,"column":43},"end":{"line":70,"column":3}},"line":68}},"branchMap":{},"s":{"0":8,"1":8,"2":8,"3":8,"4":8,"5":8,"6":8,"7":4,"8":8},"f":{"0":8,"1":8,"2":4},"b":{},"_coverageSchema":"1a1c01bbd47fc00a2c39e90264f33305004495a9","hash":"5a6445a3028b2886ec2da6710c0b554baf584734"}
,"E:\\Hacktiv8\\Phase 3\\Final Project\\FP-Backend\\routes\\categoriesRoute.js": {"path":"E:\\Hacktiv8\\Phase 3\\Final Project\\FP-Backend\\routes\\categoriesRoute.js","statementMap":{"0":{"start":{"line":1,"column":15},"end":{"line":1,"column":42}},"1":{"start":{"line":2,"column":27},"end":{"line":2,"column":71}},"2":{"start":{"line":4,"column":0},"end":{"line":4,"column":51}},"3":{"start":{"line":7,"column":0},"end":{"line":7,"column":24}}},"fnMap":{},"branchMap":{},"s":{"0":8,"1":8,"2":8,"3":8},"f":{},"b":{},"_coverageSchema":"1a1c01bbd47fc00a2c39e90264f33305004495a9","hash":"8165900a5c7f342b31d6f28842ac5cd205e9c349"}
,"E:\\Hacktiv8\\Phase 3\\Final Project\\FP-Backend\\routes\\chapterRoute.js": {"path":"E:\\Hacktiv8\\Phase 3\\Final Project\\FP-Backend\\routes\\chapterRoute.js","statementMap":{"0":{"start":{"line":1,"column":15},"end":{"line":1,"column":42}},"1":{"start":{"line":2,"column":23},"end":{"line":2,"column":62}},"2":{"start":{"line":3,"column":26},"end":{"line":3,"column":69}},"3":{"start":{"line":5,"column":0},"end":{"line":5,"column":76}},"4":{"start":{"line":7,"column":0},"end":{"line":7,"column":24}}},"fnMap":{},"branchMap":{},"s":{"0":8,"1":8,"2":8,"3":8,"4":8},"f":{},"b":{},"_coverageSchema":"1a1c01bbd47fc00a2c39e90264f33305004495a9","hash":"74eaa4c7d56f1e6dd0aac9bf528328e2bf750bb4"}
,"E:\\Hacktiv8\\Phase 3\\Final Project\\FP-Backend\\routes\\courseRoute.js": {"path":"E:\\Hacktiv8\\Phase 3\\Final Project\\FP-Backend\\routes\\courseRoute.js","statementMap":{"0":{"start":{"line":1,"column":15},"end":{"line":1,"column":42}},"1":{"start":{"line":2,"column":25},"end":{"line":2,"column":67}},"2":{"start":{"line":4,"column":0},"end":{"line":4,"column":47}},"3":{"start":{"line":5,"column":0},"end":{"line":5,"column":60}},"4":{"start":{"line":7,"column":0},"end":{"line":7,"column":24}}},"fnMap":{},"branchMap":{},"s":{"0":8,"1":8,"2":8,"3":8,"4":8},"f":{},"b":{},"_coverageSchema":"1a1c01bbd47fc00a2c39e90264f33305004495a9","hash":"09a1c021b1cf29e3984f3fc7b23ac5674f0b677c"}
,"E:\\Hacktiv8\\Phase 3\\Final Project\\FP-Backend\\routes\\enrollmentsRoute.js": {"path":"E:\\Hacktiv8\\Phase 3\\Final Project\\FP-Backend\\routes\\enrollmentsRoute.js","statementMap":{"0":{"start":{"line":1,"column":15},"end":{"line":1,"column":42}},"1":{"start":{"line":2,"column":29},"end":{"line":2,"column":75}},"2":{"start":{"line":3,"column":23},"end":{"line":3,"column":62}},"3":{"start":{"line":5,"column":0},"end":{"line":5,"column":71}},"4":{"start":{"line":6,"column":0},"end":{"line":6,"column":78}},"5":{"start":{"line":7,"column":0},"end":{"line":11,"column":2}},"6":{"start":{"line":12,"column":0},"end":{"line":16,"column":2}},"7":{"start":{"line":18,"column":0},"end":{"line":18,"column":24}}},"fnMap":{},"branchMap":{},"s":{"0":8,"1":8,"2":8,"3":8,"4":8,"5":8,"6":8,"7":8},"f":{},"b":{},"_coverageSchema":"1a1c01bbd47fc00a2c39e90264f33305004495a9","hash":"71dd6f859f70d7a6e77d75abecffcace5ce6f7ad"}
,"E:\\Hacktiv8\\Phase 3\\Final Project\\FP-Backend\\routes\\feedbackRoute.js": {"path":"E:\\Hacktiv8\\Phase 3\\Final Project\\FP-Backend\\routes\\feedbackRoute.js","statementMap":{"0":{"start":{"line":1,"column":15},"end":{"line":1,"column":42}},"1":{"start":{"line":2,"column":23},"end":{"line":2,"column":62}},"2":{"start":{"line":3,"column":27},"end":{"line":3,"column":71}},"3":{"start":{"line":5,"column":0},"end":{"line":5,"column":74}},"4":{"start":{"line":7,"column":0},"end":{"line":7,"column":24}}},"fnMap":{},"branchMap":{},"s":{"0":8,"1":8,"2":8,"3":8,"4":8},"f":{},"b":{},"_coverageSchema":"1a1c01bbd47fc00a2c39e90264f33305004495a9","hash":"f63e8e59ccd0491f8be65ea9b8c408c902270627"}
,"E:\\Hacktiv8\\Phase 3\\Final Project\\FP-Backend\\routes\\index.js": {"path":"E:\\Hacktiv8\\Phase 3\\Final Project\\FP-Backend\\routes\\index.js","statementMap":{"0":{"start":{"line":1,"column":15},"end":{"line":1,"column":42}},"1":{"start":{"line":2,"column":25},"end":{"line":2,"column":54}},"2":{"start":{"line":3,"column":20},"end":{"line":3,"column":44}},"3":{"start":{"line":4,"column":21},"end":{"line":4,"column":46}},"4":{"start":{"line":5,"column":24},"end":{"line":5,"column":52}},"5":{"start":{"line":6,"column":25},"end":{"line":6,"column":54}},"6":{"start":{"line":7,"column":22},"end":{"line":7,"column":48}},"7":{"start":{"line":8,"column":18},"end":{"line":8,"column":40}},"8":{"start":{"line":9,"column":24},"end":{"line":9,"column":65}},"9":{"start":{"line":10,"column":27},"end":{"line":10,"column":71}},"10":{"start":{"line":12,"column":0},"end":{"line":12,"column":58}},"11":{"start":{"line":13,"column":0},"end":{"line":13,"column":49}},"12":{"start":{"line":15,"column":0},"end":{"line":15,"column":45}},"13":{"start":{"line":16,"column":0},"end":{"line":16,"column":35}},"14":{"start":{"line":17,"column":0},"end":{"line":17,"column":37}},"15":{"start":{"line":18,"column":0},"end":{"line":18,"column":43}},"16":{"start":{"line":19,"column":0},"end":{"line":19,"column":45}},"17":{"start":{"line":20,"column":0},"end":{"line":20,"column":39}},"18":{"start":{"line":21,"column":0},"end":{"line":21,"column":31}},"19":{"start":{"line":23,"column":0},"end":{"line":23,"column":24}}},"fnMap":{},"branchMap":{},"s":{"0":8,"1":8,"2":8,"3":8,"4":8,"5":8,"6":8,"7":8,"8":8,"9":8,"10":8,"11":8,"12":8,"13":8,"14":8,"15":8,"16":8,"17":8,"18":8,"19":8},"f":{},"b":{},"_coverageSchema":"1a1c01bbd47fc00a2c39e90264f33305004495a9","hash":"3fe4b03dc38df35f6fae2b69fb401e7f15d4f6c9"}
,"E:\\Hacktiv8\\Phase 3\\Final Project\\FP-Backend\\routes\\transactionRoute.js": {"path":"E:\\Hacktiv8\\Phase 3\\Final Project\\FP-Backend\\routes\\transactionRoute.js","statementMap":{"0":{"start":{"line":1,"column":15},"end":{"line":1,"column":42}},"1":{"start":{"line":2,"column":23},"end":{"line":2,"column":62}},"2":{"start":{"line":3,"column":30},"end":{"line":3,"column":77}},"3":{"start":{"line":5,"column":0},"end":{"line":5,"column":79}},"4":{"start":{"line":6,"column":0},"end":{"line":6,"column":73}},"5":{"start":{"line":8,"column":0},"end":{"line":8,"column":24}}},"fnMap":{},"branchMap":{},"s":{"0":8,"1":8,"2":8,"3":8,"4":8,"5":8},"f":{},"b":{},"_coverageSchema":"1a1c01bbd47fc00a2c39e90264f33305004495a9","hash":"cf3faaf0f03ca2ac0df97286501aff3d6784fbc9"}
,"E:\\Hacktiv8\\Phase 3\\Final Project\\FP-Backend\\routes\\userRoute.js": {"path":"E:\\Hacktiv8\\Phase 3\\Final Project\\FP-Backend\\routes\\userRoute.js","statementMap":{"0":{"start":{"line":1,"column":15},"end":{"line":1,"column":42}},"1":{"start":{"line":2,"column":21},"end":{"line":2,"column":49}},"2":{"start":{"line":3,"column":23},"end":{"line":3,"column":63}},"3":{"start":{"line":4,"column":23},"end":{"line":4,"column":62}},"4":{"start":{"line":17,"column":0},"end":{"line":22,"column":2}},"5":{"start":{"line":24,"column":0},"end":{"line":24,"column":24}}},"fnMap":{},"branchMap":{},"s":{"0":8,"1":8,"2":8,"3":8,"4":8,"5":8},"f":{},"b":{},"_coverageSchema":"1a1c01bbd47fc00a2c39e90264f33305004495a9","hash":"b9404e5e29e04426b2a95b915d94013cec7ca20c"}
}
