TN:
SF:app.js
FNF:0
FNH:0
DA:1,8
DA:2,8
DA:5,8
DA:6,8
DA:7,8
DA:9,8
DA:10,8
DA:11,8
DA:13,8
DA:14,8
DA:15,8
DA:17,8
DA:18,8
DA:24,8
LF:14
LH:14
BRDA:1,0,0,8
BRDA:1,0,1,0
BRDA:9,1,0,8
BRDA:9,1,1,8
BRF:4
BRH:3
end_of_record
TN:
SF:controllers\categoryController.js
FN:4,(anonymous_0)
FNF:1
FNH:1
FNDA:1,(anonymous_0)
DA:1,8
DA:5,1
DA:6,1
DA:8,1
DA:13,0
DA:36,8
LF:6
LH:5
BRF:0
BRH:0
end_of_record
TN:
SF:controllers\chapterController.js
FN:4,(anonymous_0)
FNF:1
FNH:1
FNDA:2,(anonymous_0)
DA:1,8
DA:5,2
DA:6,2
DA:7,2
DA:11,2
DA:12,1
DA:15,1
DA:20,1
DA:25,8
LF:9
LH:9
BRDA:11,0,0,1
BRDA:11,0,1,1
BRF:2
BRH:2
end_of_record
TN:
SF:controllers\courseController.js
FN:5,(anonymous_0)
FN:42,(anonymous_1)
FNF:2
FNH:2
FNDA:1,(anonymous_0)
FNDA:2,(anonymous_1)
DA:1,8
DA:2,8
DA:6,1
DA:7,1
DA:8,1
DA:9,1
DA:11,1
DA:17,1
DA:18,0
DA:21,1
DA:22,1
DA:30,1
DA:38,0
DA:43,2
DA:44,2
DA:45,2
DA:56,2
DA:57,1
DA:60,1
DA:65,1
DA:70,8
LF:21
LH:19
BRDA:8,0,0,0
BRDA:8,0,1,1
BRDA:9,1,0,0
BRDA:9,1,1,1
BRDA:17,2,0,0
BRDA:17,2,1,1
BRDA:32,3,0,1
BRDA:32,3,1,1
BRDA:56,4,0,1
BRDA:56,4,1,1
BRF:10
BRH:7
end_of_record
TN:
SF:controllers\enrollmentController.js
FN:6,(anonymous_0)
FN:50,(anonymous_1)
FN:92,(anonymous_2)
FN:143,(anonymous_3)
FNF:4
FNH:4
FNDA:1,(anonymous_0)
FNDA:2,(anonymous_1)
FNDA:3,(anonymous_2)
FNDA:2,(anonymous_3)
DA:1,8
DA:2,8
DA:3,8
DA:7,1
DA:8,1
DA:11,1
DA:12,1
DA:21,1
DA:22,1
DA:37,0
DA:46,1
DA:51,2
DA:52,2
DA:53,2
DA:62,2
DA:77,2
DA:78,1
DA:83,1
DA:88,1
DA:93,3
DA:94,3
DA:95,3
DA:97,3
DA:102,3
DA:103,1
DA:105,2
DA:114,2
DA:115,1
DA:118,1
DA:127,1
DA:133,1
DA:139,2
DA:144,2
DA:145,2
DA:146,2
DA:147,2
DA:148,2
DA:155,2
DA:156,1
DA:159,1
DA:171,1
DA:177,1
DA:182,8
LF:43
LH:42
BRDA:12,0,0,0
BRDA:12,0,1,1
BRDA:26,1,0,0
BRDA:26,1,1,1
BRDA:39,2,0,0
BRDA:39,2,1,0
BRDA:77,3,0,1
BRDA:77,3,1,1
BRDA:102,4,0,1
BRDA:102,4,1,2
BRDA:102,5,0,3
BRDA:102,5,1,3
BRDA:114,6,0,1
BRDA:114,6,1,1
BRDA:155,7,0,1
BRDA:155,7,1,1
BRF:16
BRH:12
end_of_record
TN:
SF:controllers\feedbackController.js
FN:4,(anonymous_0)
FNF:1
FNH:1
FNDA:1,(anonymous_0)
DA:1,8
DA:5,1
DA:6,1
DA:7,1
DA:8,1
DA:9,1
DA:16,1
DA:22,1
DA:24,1
DA:30,1
DA:31,1
DA:33,1
DA:34,0
DA:54,1
DA:57,0
DA:59,0
DA:61,0
DA:65,0
DA:78,0
DA:91,0
DA:97,1
DA:99,1
DA:102,1
DA:113,1
DA:124,1
DA:131,1
DA:137,0
DA:138,0
DA:143,8
LF:29
LH:20
BRDA:54,0,0,0
BRDA:54,0,1,1
BRF:2
BRH:1
end_of_record
TN:
SF:controllers\loginController.js
FN:6,(anonymous_0)
FNF:1
FNH:1
FNDA:16,(anonymous_0)
DA:1,8
DA:2,8
DA:3,8
DA:7,16
DA:9,16
DA:11,16
DA:12,16
DA:16,16
DA:17,1
DA:20,15
DA:21,1
DA:24,14
DA:33,14
DA:35,14
DA:48,2
DA:49,2
DA:54,8
LF:17
LH:17
BRDA:9,0,0,16
BRDA:9,0,1,0
BRDA:16,1,0,1
BRDA:16,1,1,15
BRDA:20,2,0,1
BRDA:20,2,1,14
BRF:6
BRH:5
end_of_record
TN:
SF:controllers\registerController.js
FN:4,(anonymous_0)
FNF:1
FNH:1
FNDA:6,(anonymous_0)
DA:1,8
DA:5,6
DA:6,6
DA:7,6
DA:13,1
DA:18,1
DA:23,5
DA:24,5
DA:29,8
LF:9
LH:9
BRF:0
BRH:0
end_of_record
TN:
SF:controllers\transactionController.js
FN:6,(anonymous_0)
FN:46,(anonymous_1)
FNF:2
FNH:2
FNDA:1,(anonymous_0)
FNDA:1,(anonymous_1)
DA:1,8
DA:2,8
DA:3,8
DA:8,1
DA:9,1
DA:10,1
DA:14,1
DA:25,1
DA:34,1
DA:36,1
DA:42,0
DA:47,1
DA:48,1
DA:49,1
DA:53,1
DA:58,1
DA:71,1
DA:73,1
DA:78,0
DA:83,8
LF:20
LH:18
BRF:0
BRH:0
end_of_record
TN:
SF:controllers\userController.js
FN:6,(anonymous_0)
FN:11,(anonymous_1)
FNF:2
FNH:0
FNDA:0,(anonymous_0)
FNDA:0,(anonymous_1)
DA:1,8
DA:2,8
DA:3,8
DA:7,0
DA:8,0
DA:10,0
DA:11,0
DA:12,0
DA:13,0
DA:14,0
DA:19,0
DA:20,0
DA:22,0
DA:30,0
DA:32,0
DA:33,0
DA:35,0
DA:43,0
DA:49,0
DA:50,0
DA:55,8
LF:21
LH:4
BRDA:12,0,0,0
BRDA:12,0,1,0
BRF:2
BRH:0
end_of_record
TN:
SF:helpers\bcrypt.js
FN:3,(anonymous_0)
FN:5,(anonymous_1)
FNF:2
FNH:2
FNDA:12,(anonymous_0)
FNDA:15,(anonymous_1)
DA:1,8
DA:3,12
DA:5,8
DA:6,15
DA:8,8
LF:5
LH:5
BRF:0
BRH:0
end_of_record
TN:
SF:helpers\cloudinary.js
FNF:0
FNH:0
DA:1,8
DA:3,8
DA:9,8
LF:3
LH:3
BRF:0
BRH:0
end_of_record
TN:
SF:helpers\jwt.js
FN:5,(anonymous_0)
FN:9,(anonymous_1)
FNF:2
FNH:2
FNDA:15,(anonymous_0)
FNDA:15,(anonymous_1)
DA:1,8
DA:3,8
DA:5,8
DA:6,15
DA:9,8
DA:10,15
DA:13,8
LF:7
LH:7
BRF:0
BRH:0
end_of_record
TN:
SF:helpers\multer.js
FN:4,(anonymous_0)
FN:7,(anonymous_1)
FNF:2
FNH:0
FNDA:0,(anonymous_0)
FNDA:0,(anonymous_1)
DA:1,8
DA:3,8
DA:5,0
DA:8,0
DA:11,8
DA:13,8
LF:6
LH:4
BRF:0
BRH:0
end_of_record
TN:
SF:middleware\authentication.js
FN:4,(anonymous_0)
FNF:1
FNH:1
FNDA:16,(anonymous_0)
DA:1,8
DA:2,8
DA:4,8
DA:5,16
DA:6,16
DA:7,16
DA:8,1
DA:11,15
DA:20,15
DA:23,15
DA:29,15
DA:30,2
DA:33,13
DA:42,13
DA:45,3
DA:49,8
LF:16
LH:16
BRDA:7,0,0,1
BRDA:7,0,1,15
BRDA:29,1,0,2
BRDA:29,1,1,13
BRF:4
BRH:4
end_of_record
TN:
SF:middleware\errorHandle.js
FN:1,(anonymous_0)
FNF:1
FNH:1
FNDA:17,(anonymous_0)
DA:1,8
DA:2,17
DA:3,17
DA:4,17
DA:6,17
DA:10,5
DA:11,5
DA:14,17
DA:15,4
DA:18,17
DA:19,1
DA:22,17
DA:23,2
DA:24,2
DA:27,17
DA:28,4
DA:31,17
DA:37,8
LF:18
LH:18
BRDA:6,0,0,5
BRDA:6,0,1,12
BRDA:7,1,0,17
BRDA:7,1,1,13
BRDA:14,2,0,4
BRDA:14,2,1,13
BRDA:14,3,0,17
BRDA:14,3,1,14
BRDA:18,4,0,1
BRDA:18,4,1,16
BRDA:22,5,0,2
BRDA:22,5,1,15
BRDA:27,6,0,4
BRDA:27,6,1,13
BRF:14
BRH:14
end_of_record
TN:
SF:models\category.js
FN:3,(anonymous_0)
FN:10,(anonymous_1)
FNF:2
FNH:2
FNDA:8,(anonymous_0)
FNDA:8,(anonymous_1)
DA:2,8
DA:3,8
DA:12,8
DA:15,8
DA:24,8
LF:5
LH:5
BRF:0
BRH:0
end_of_record
TN:
SF:models\chapter.js
FN:3,(anonymous_0)
FN:10,(anonymous_1)
FNF:2
FNH:2
FNDA:8,(anonymous_0)
FNDA:8,(anonymous_1)
DA:2,8
DA:3,8
DA:12,8
DA:13,8
DA:16,8
DA:29,8
LF:6
LH:6
BRF:0
BRH:0
end_of_record
TN:
SF:models\course.js
FN:3,(anonymous_0)
FN:10,(anonymous_1)
FNF:2
FNH:2
FNDA:8,(anonymous_0)
FNDA:8,(anonymous_1)
DA:2,8
DA:3,8
DA:12,8
DA:13,8
DA:14,8
DA:15,8
DA:18,8
DA:32,8
LF:8
LH:8
BRF:0
BRH:0
end_of_record
TN:
SF:models\enrollment.js
FN:3,(anonymous_0)
FN:10,(anonymous_1)
FNF:2
FNH:2
FNDA:8,(anonymous_0)
FNDA:8,(anonymous_1)
DA:2,8
DA:3,8
DA:12,8
DA:13,8
DA:14,8
DA:17,8
DA:29,8
LF:7
LH:7
BRF:0
BRH:0
end_of_record
TN:
SF:models\feedback.js
FN:3,(anonymous_0)
FN:10,(anonymous_1)
FNF:2
FNH:2
FNDA:8,(anonymous_0)
FNDA:8,(anonymous_1)
DA:2,8
DA:3,8
DA:12,8
DA:13,8
DA:16,8
DA:40,8
LF:6
LH:6
BRF:0
BRH:0
end_of_record
TN:
SF:models\index.js
FN:21,(anonymous_0)
FN:29,(anonymous_1)
FN:34,(anonymous_2)
FNF:3
FNH:3
FNDA:56,(anonymous_0)
FNDA:48,(anonymous_1)
FNDA:48,(anonymous_2)
DA:3,8
DA:4,8
DA:5,8
DA:6,8
DA:7,8
DA:8,8
DA:9,8
DA:10,8
DA:13,8
DA:14,0
DA:16,8
DA:19,8
DA:22,56
DA:30,48
DA:31,48
DA:34,8
DA:35,48
DA:36,48
DA:40,8
DA:41,8
DA:43,8
LF:21
LH:20
BRDA:8,0,0,8
BRDA:8,0,1,0
BRDA:13,1,0,0
BRDA:13,1,1,8
BRDA:23,2,0,56
BRDA:23,2,1,56
BRDA:23,2,2,48
BRDA:23,2,3,48
BRDA:35,3,0,48
BRDA:35,3,1,0
BRF:10
BRH:7
end_of_record
TN:
SF:models\user.js
FN:4,(anonymous_0)
FN:11,(anonymous_1)
FN:74,(anonymous_2)
FNF:3
FNH:3
FNDA:8,(anonymous_0)
FNDA:8,(anonymous_1)
FNDA:4,(anonymous_2)
DA:2,8
DA:3,8
DA:4,8
DA:13,8
DA:14,8
DA:17,8
DA:74,8
DA:75,4
DA:78,8
LF:9
LH:9
BRF:0
BRH:0
end_of_record
TN:
SF:routes\categoriesRoute.js
FNF:0
FNH:0
DA:1,8
DA:2,8
DA:4,8
DA:7,8
LF:4
LH:4
BRF:0
BRH:0
end_of_record
TN:
SF:routes\chapterRoute.js
FNF:0
FNH:0
DA:1,8
DA:2,8
DA:3,8
DA:5,8
DA:7,8
LF:5
LH:5
BRF:0
BRH:0
end_of_record
TN:
SF:routes\courseRoute.js
FNF:0
FNH:0
DA:1,8
DA:2,8
DA:4,8
DA:5,8
DA:7,8
LF:5
LH:5
BRF:0
BRH:0
end_of_record
TN:
SF:routes\enrollmentsRoute.js
FNF:0
FNH:0
DA:1,8
DA:2,8
DA:3,8
DA:5,8
DA:6,8
DA:7,8
DA:12,8
DA:18,8
LF:8
LH:8
BRF:0
BRH:0
end_of_record
TN:
SF:routes\feedbackRoute.js
FNF:0
FNH:0
DA:1,8
DA:2,8
DA:3,8
DA:5,8
DA:7,8
LF:5
LH:5
BRF:0
BRH:0
end_of_record
TN:
SF:routes\index.js
FNF:0
FNH:0
DA:1,8
DA:2,8
DA:3,8
DA:4,8
DA:5,8
DA:6,8
DA:7,8
DA:8,8
DA:9,8
DA:10,8
DA:12,8
DA:13,8
DA:15,8
DA:16,8
DA:17,8
DA:18,8
DA:19,8
DA:20,8
DA:21,8
DA:23,8
LF:20
LH:20
BRF:0
BRH:0
end_of_record
TN:
SF:routes\transactionRoute.js
FNF:0
FNH:0
DA:1,8
DA:2,8
DA:3,8
DA:5,8
DA:6,8
DA:8,8
LF:6
LH:6
BRF:0
BRH:0
end_of_record
TN:
SF:routes\userRoute.js
FNF:0
FNH:0
DA:1,8
DA:2,8
DA:3,8
DA:4,8
DA:17,8
DA:24,8
LF:6
LH:6
BRF:0
BRH:0
end_of_record
